[0.022s] Invoking command in '/home/cclehui/go_workspace/src/github.com/cclehui/study_ros/tutorials/build/turtlesim': CMAKE_PREFIX_PATH=/opt/ros/foxy /usr/bin/cmake /home/cclehui/go_workspace/src/github.com/cclehui/study_ros/tutorials/src/turtlesim -DCMAKE_INSTALL_PREFIX=/home/cclehui/go_workspace/src/github.com/cclehui/study_ros/tutorials/install/turtlesim
[0.288s] -- The C compiler identification is GNU 9.3.0
[0.491s] -- The CXX compiler identification is GNU 9.3.0
[0.507s] -- Check for working C compiler: /usr/bin/cc
[0.597s] -- Check for working C compiler: /usr/bin/cc -- works
[0.599s] -- Detecting C compiler ABI info
[0.684s] -- Detecting C compiler ABI info - done
[0.696s] -- Detecting C compile features
[0.697s] -- Detecting C compile features - done
[0.702s] -- Check for working CXX compiler: /usr/bin/c++
[0.786s] -- Check for working CXX compiler: /usr/bin/c++ -- works
[0.787s] -- Detecting CXX compiler ABI info
[0.871s] -- Detecting CXX compiler ABI info - done
[0.882s] -- Detecting CXX compile features
[0.883s] -- Detecting CXX compile features - done
[0.901s] -- Found ament_cmake: 0.9.9 (/opt/ros/foxy/share/ament_cmake/cmake)
[0.934s] -- Found PythonInterp: /usr/bin/python3 (found suitable version "3.8.10", minimum required is "3") 
[0.934s] -- Using PYTHON_EXECUTABLE: /usr/bin/python3
[1.185s] -- Found ament_index_cpp: 1.1.0 (/opt/ros/foxy/share/ament_index_cpp/cmake)
[1.193s] -- Found geometry_msgs: 2.0.4 (/opt/ros/foxy/share/geometry_msgs/cmake)
[1.242s] -- Using all available rosidl_typesupport_c: rosidl_typesupport_fastrtps_c;rosidl_typesupport_introspection_c
[1.256s] -- Found rosidl_adapter: 1.2.1 (/opt/ros/foxy/share/rosidl_adapter/cmake)
[1.388s] -- Found OpenSSL: /usr/lib/x86_64-linux-gnu/libcrypto.so (found version "1.1.1f")  
[1.413s] -- Found FastRTPS: /opt/ros/foxy/include  
[1.518s] -- Using all available rosidl_typesupport_cpp: rosidl_typesupport_fastrtps_cpp;rosidl_typesupport_introspection_cpp
[1.685s] -- Found rclcpp: 2.4.0 (/opt/ros/foxy/share/rclcpp/cmake)
[1.763s] -- Found rmw_implementation_cmake: 1.0.3 (/opt/ros/foxy/share/rmw_implementation_cmake/cmake)
[1.766s] -- Using RMW implementation 'rmw_fastrtps_cpp' as default
[1.769s] -- Looking for pthread.h
[1.868s] -- Looking for pthread.h - found
[1.868s] -- Performing Test CMAKE_HAVE_LIBC_PTHREAD
[1.949s] -- Performing Test CMAKE_HAVE_LIBC_PTHREAD - Failed
[1.949s] -- Looking for pthread_create in pthreads
[2.012s] -- Looking for pthread_create in pthreads - not found
[2.012s] -- Looking for pthread_create in pthread
[2.086s] -- Looking for pthread_create in pthread - found
[2.087s] -- Found Threads: TRUE  
[2.285s] -- Found rclcpp_action: 2.4.0 (/opt/ros/foxy/share/rclcpp_action/cmake)
[2.393s] -- Found rosidl_default_generators: 1.0.1 (/opt/ros/foxy/share/rosidl_default_generators/cmake)
[2.411s] -- Found std_srvs: 2.0.4 (/opt/ros/foxy/share/std_srvs/cmake)
[2.453s] -- Found PythonInterp: /usr/bin/python3 (found version "3.8.10") 
[2.648s] -- Found ament_cmake_ros: 0.9.2 (/opt/ros/foxy/share/ament_cmake_ros/cmake)
[2.785s] -- Using all available rosidl_typesupport_c: rosidl_typesupport_fastrtps_c;rosidl_typesupport_introspection_c
[2.814s] -- Using all available rosidl_typesupport_cpp: rosidl_typesupport_fastrtps_cpp;rosidl_typesupport_introspection_cpp
[2.840s] -- Found PythonInterp: /usr/bin/python3 (found suitable version "3.8.10", minimum required is "3.5") 
[2.843s] -- Found python_cmake_module: 0.8.1 (/opt/ros/foxy/share/python_cmake_module/cmake)
[2.873s] -- Found PythonLibs: /usr/lib/x86_64-linux-gnu/libpython3.8.so (found suitable version "3.8.10", minimum required is "3.5") 
[2.874s] -- Using PYTHON_EXECUTABLE: /usr/bin/python3
[2.874s] -- Using PYTHON_INCLUDE_DIRS: /usr/include/python3.8
[2.874s] -- Using PYTHON_LIBRARIES: /usr/lib/x86_64-linux-gnu/libpython3.8.so
[2.898s] -- Found PythonExtra: .so  
[2.987s] -- Configuring done
[3.099s] -- Generating done
[3.102s] -- Build files have been written to: /home/cclehui/go_workspace/src/github.com/cclehui/study_ros/tutorials/build/turtlesim
[3.115s] Invoked command in '/home/cclehui/go_workspace/src/github.com/cclehui/study_ros/tutorials/build/turtlesim' returned '0': CMAKE_PREFIX_PATH=/opt/ros/foxy /usr/bin/cmake /home/cclehui/go_workspace/src/github.com/cclehui/study_ros/tutorials/src/turtlesim -DCMAKE_INSTALL_PREFIX=/home/cclehui/go_workspace/src/github.com/cclehui/study_ros/tutorials/install/turtlesim
[3.115s] Invoking command in '/home/cclehui/go_workspace/src/github.com/cclehui/study_ros/tutorials/build/turtlesim': CMAKE_PREFIX_PATH=/opt/ros/foxy /usr/bin/cmake --build /home/cclehui/go_workspace/src/github.com/cclehui/study_ros/tutorials/build/turtlesim -- -j4 -l4
[3.163s] [35m[1mScanning dependencies of target turtlesim__cpp[0m
[3.164s] [  1%] [34m[1mGenerating C code for ROS interfaces[0m
[3.175s] [  2%] [34m[1mGenerating C++ code for ROS interfaces[0m
[4.111s] [  2%] Built target turtlesim__cpp
[4.149s] [  3%] [34m[1mGenerating C++ type support dispatch for ROS interfaces[0m
[4.158s] [35m[1mScanning dependencies of target turtlesim__rosidl_generator_c[0m
[4.158s] [  4%] [34m[1mGenerating C++ introspection for ROS interfaces[0m
[4.160s] [  5%] [34m[1mGenerating C++ type support for eProsima Fast-RTPS[0m
[4.194s] [  6%] [32mBuilding C object CMakeFiles/turtlesim__rosidl_generator_c.dir/rosidl_generator_c/turtlesim/action/detail/rotate_absolute__functions.c.o[0m
[4.316s] [  7%] [32mBuilding C object CMakeFiles/turtlesim__rosidl_generator_c.dir/rosidl_generator_c/turtlesim/msg/detail/color__functions.c.o[0m
[4.364s] [  8%] [32mBuilding C object CMakeFiles/turtlesim__rosidl_generator_c.dir/rosidl_generator_c/turtlesim/msg/detail/pose__functions.c.o[0m
[4.405s] [  9%] [32mBuilding C object CMakeFiles/turtlesim__rosidl_generator_c.dir/rosidl_generator_c/turtlesim/srv/detail/kill__functions.c.o[0m
[4.463s] [ 10%] [32mBuilding C object CMakeFiles/turtlesim__rosidl_generator_c.dir/rosidl_generator_c/turtlesim/srv/detail/set_pen__functions.c.o[0m
[4.515s] [ 11%] [32mBuilding C object CMakeFiles/turtlesim__rosidl_generator_c.dir/rosidl_generator_c/turtlesim/srv/detail/spawn__functions.c.o[0m
[4.575s] [ 12%] [32mBuilding C object CMakeFiles/turtlesim__rosidl_generator_c.dir/rosidl_generator_c/turtlesim/srv/detail/teleport_absolute__functions.c.o[0m
[4.633s] [ 13%] [32mBuilding C object CMakeFiles/turtlesim__rosidl_generator_c.dir/rosidl_generator_c/turtlesim/srv/detail/teleport_relative__functions.c.o[0m
[4.686s] [ 14%] [32m[1mLinking C shared library libturtlesim__rosidl_generator_c.so[0m
[4.750s] [ 14%] Built target turtlesim__rosidl_generator_c
[4.768s] [ 15%] [34m[1mGenerating C type support dispatch for ROS interfaces[0m
[4.818s] [35m[1mScanning dependencies of target turtlesim__rosidl_typesupport_cpp[0m
[4.855s] [ 16%] [32mBuilding CXX object CMakeFiles/turtlesim__rosidl_typesupport_cpp.dir/rosidl_typesupport_cpp/turtlesim/action/rotate_absolute__type_support.cpp.o[0m
[4.996s] [35m[1mScanning dependencies of target turtlesim__rosidl_typesupport_introspection_cpp[0m
[5.037s] [ 17%] [32mBuilding CXX object CMakeFiles/turtlesim__rosidl_typesupport_introspection_cpp.dir/rosidl_typesupport_introspection_cpp/turtlesim/action/detail/rotate_absolute__type_support.cpp.o[0m
[5.287s] [35m[1mScanning dependencies of target turtlesim__rosidl_typesupport_fastrtps_cpp[0m
[5.370s] [ 18%] [32mBuilding CXX object CMakeFiles/turtlesim__rosidl_typesupport_fastrtps_cpp.dir/rosidl_typesupport_fastrtps_cpp/turtlesim/action/detail/dds_fastrtps/rotate_absolute__type_support.cpp.o[0m
[5.388s] [ 19%] [32mBuilding CXX object CMakeFiles/turtlesim__rosidl_typesupport_cpp.dir/rosidl_typesupport_cpp/turtlesim/msg/color__type_support.cpp.o[0m
[5.526s] [35m[1mScanning dependencies of target turtlesim__rosidl_typesupport_c[0m
[5.527s] [ 20%] [32mBuilding CXX object CMakeFiles/turtlesim__rosidl_typesupport_introspection_cpp.dir/rosidl_typesupport_introspection_cpp/turtlesim/msg/detail/color__type_support.cpp.o[0m
[5.559s] [ 21%] [32mBuilding CXX object CMakeFiles/turtlesim__rosidl_typesupport_c.dir/rosidl_typesupport_c/turtlesim/action/rotate_absolute__type_support.cpp.o[0m
[5.621s] [ 22%] [32mBuilding CXX object CMakeFiles/turtlesim__rosidl_typesupport_c.dir/rosidl_typesupport_c/turtlesim/msg/color__type_support.cpp.o[0m
[5.663s] [ 23%] [32mBuilding CXX object CMakeFiles/turtlesim__rosidl_typesupport_c.dir/rosidl_typesupport_c/turtlesim/msg/pose__type_support.cpp.o[0m
[5.701s] [ 24%] [32mBuilding CXX object CMakeFiles/turtlesim__rosidl_typesupport_c.dir/rosidl_typesupport_c/turtlesim/srv/kill__type_support.cpp.o[0m
[5.758s] [ 26%] [32mBuilding CXX object CMakeFiles/turtlesim__rosidl_typesupport_cpp.dir/rosidl_typesupport_cpp/turtlesim/msg/pose__type_support.cpp.o[0m
[5.758s] [ 26%] [32mBuilding CXX object CMakeFiles/turtlesim__rosidl_typesupport_c.dir/rosidl_typesupport_c/turtlesim/srv/set_pen__type_support.cpp.o[0m
[5.800s] [ 27%] [32mBuilding CXX object CMakeFiles/turtlesim__rosidl_typesupport_c.dir/rosidl_typesupport_c/turtlesim/srv/spawn__type_support.cpp.o[0m
[5.851s] [ 28%] [32mBuilding CXX object CMakeFiles/turtlesim__rosidl_typesupport_c.dir/rosidl_typesupport_c/turtlesim/srv/teleport_absolute__type_support.cpp.o[0m
[5.884s] [ 29%] [32mBuilding CXX object CMakeFiles/turtlesim__rosidl_typesupport_introspection_cpp.dir/rosidl_typesupport_introspection_cpp/turtlesim/msg/detail/pose__type_support.cpp.o[0m
[5.892s] [ 30%] [32mBuilding CXX object CMakeFiles/turtlesim__rosidl_typesupport_c.dir/rosidl_typesupport_c/turtlesim/srv/teleport_relative__type_support.cpp.o[0m
[5.929s] [ 31%] [32m[1mLinking CXX shared library libturtlesim__rosidl_typesupport_c.so[0m
[5.990s] [ 31%] Built target turtlesim__rosidl_typesupport_c
[6.001s] [ 32%] [34m[1mGenerating C introspection for ROS interfaces[0m
[6.052s] [ 33%] [32mBuilding CXX object CMakeFiles/turtlesim__rosidl_typesupport_fastrtps_cpp.dir/rosidl_typesupport_fastrtps_cpp/turtlesim/msg/detail/dds_fastrtps/color__type_support.cpp.o[0m
[6.109s] [ 34%] [32mBuilding CXX object CMakeFiles/turtlesim__rosidl_typesupport_cpp.dir/rosidl_typesupport_cpp/turtlesim/srv/kill__type_support.cpp.o[0m
[6.237s] [ 35%] [32mBuilding CXX object CMakeFiles/turtlesim__rosidl_typesupport_introspection_cpp.dir/rosidl_typesupport_introspection_cpp/turtlesim/srv/detail/kill__type_support.cpp.o[0m
[6.492s] [ 36%] [32mBuilding CXX object CMakeFiles/turtlesim__rosidl_typesupport_cpp.dir/rosidl_typesupport_cpp/turtlesim/srv/set_pen__type_support.cpp.o[0m
[6.619s] [ 37%] [32mBuilding CXX object CMakeFiles/turtlesim__rosidl_typesupport_introspection_cpp.dir/rosidl_typesupport_introspection_cpp/turtlesim/srv/detail/set_pen__type_support.cpp.o[0m
[6.623s] [ 38%] [32mBuilding CXX object CMakeFiles/turtlesim__rosidl_typesupport_fastrtps_cpp.dir/rosidl_typesupport_fastrtps_cpp/turtlesim/msg/detail/dds_fastrtps/pose__type_support.cpp.o[0m
[6.907s] [ 39%] [32mBuilding CXX object CMakeFiles/turtlesim__rosidl_typesupport_cpp.dir/rosidl_typesupport_cpp/turtlesim/srv/spawn__type_support.cpp.o[0m
[7.019s] [35m[1mScanning dependencies of target turtlesim__rosidl_typesupport_introspection_c[0m
[7.025s] [ 40%] [32mBuilding CXX object CMakeFiles/turtlesim__rosidl_typesupport_introspection_cpp.dir/rosidl_typesupport_introspection_cpp/turtlesim/srv/detail/spawn__type_support.cpp.o[0m
[7.057s] [ 41%] [32mBuilding C object CMakeFiles/turtlesim__rosidl_typesupport_introspection_c.dir/rosidl_typesupport_introspection_c/turtlesim/action/detail/rotate_absolute__type_support.c.o[0m
[7.115s] [ 42%] [32mBuilding C object CMakeFiles/turtlesim__rosidl_typesupport_introspection_c.dir/rosidl_typesupport_introspection_c/turtlesim/msg/detail/color__type_support.c.o[0m
[7.161s] [ 43%] [32mBuilding CXX object CMakeFiles/turtlesim__rosidl_typesupport_fastrtps_cpp.dir/rosidl_typesupport_fastrtps_cpp/turtlesim/srv/detail/dds_fastrtps/kill__type_support.cpp.o[0m
[7.164s] [ 44%] [32mBuilding C object CMakeFiles/turtlesim__rosidl_typesupport_introspection_c.dir/rosidl_typesupport_introspection_c/turtlesim/msg/detail/pose__type_support.c.o[0m
[7.204s] [ 45%] [32mBuilding C object CMakeFiles/turtlesim__rosidl_typesupport_introspection_c.dir/rosidl_typesupport_introspection_c/turtlesim/srv/detail/kill__type_support.c.o[0m
[7.245s] [ 46%] [32mBuilding C object CMakeFiles/turtlesim__rosidl_typesupport_introspection_c.dir/rosidl_typesupport_introspection_c/turtlesim/srv/detail/set_pen__type_support.c.o[0m
[7.273s] [ 47%] [32mBuilding CXX object CMakeFiles/turtlesim__rosidl_typesupport_cpp.dir/rosidl_typesupport_cpp/turtlesim/srv/teleport_absolute__type_support.cpp.o[0m
[7.292s] [ 48%] [32mBuilding C object CMakeFiles/turtlesim__rosidl_typesupport_introspection_c.dir/rosidl_typesupport_introspection_c/turtlesim/srv/detail/spawn__type_support.c.o[0m
[7.333s] [ 49%] [32mBuilding C object CMakeFiles/turtlesim__rosidl_typesupport_introspection_c.dir/rosidl_typesupport_introspection_c/turtlesim/srv/detail/teleport_absolute__type_support.c.o[0m
[7.379s] [ 50%] [32mBuilding C object CMakeFiles/turtlesim__rosidl_typesupport_introspection_c.dir/rosidl_typesupport_introspection_c/turtlesim/srv/detail/teleport_relative__type_support.c.o[0m
[7.410s] [ 51%] [32mBuilding CXX object CMakeFiles/turtlesim__rosidl_typesupport_introspection_cpp.dir/rosidl_typesupport_introspection_cpp/turtlesim/srv/detail/teleport_absolute__type_support.cpp.o[0m
[7.424s] [ 52%] [32m[1mLinking C shared library libturtlesim__rosidl_typesupport_introspection_c.so[0m
[7.465s] [ 52%] Built target turtlesim__rosidl_typesupport_introspection_c
[7.476s] [ 53%] [32mBuilding CXX object CMakeFiles/turtlesim__rosidl_typesupport_introspection_cpp.dir/rosidl_typesupport_introspection_cpp/turtlesim/srv/detail/teleport_relative__type_support.cpp.o[0m
[7.658s] [ 54%] [32mBuilding CXX object CMakeFiles/turtlesim__rosidl_typesupport_cpp.dir/rosidl_typesupport_cpp/turtlesim/srv/teleport_relative__type_support.cpp.o[0m
[7.690s] [ 55%] [32mBuilding CXX object CMakeFiles/turtlesim__rosidl_typesupport_fastrtps_cpp.dir/rosidl_typesupport_fastrtps_cpp/turtlesim/srv/detail/dds_fastrtps/set_pen__type_support.cpp.o[0m
[7.792s] [ 56%] [32mBuilding CXX object CMakeFiles/turtlesim__rosidl_typesupport_fastrtps_cpp.dir/rosidl_typesupport_fastrtps_cpp/turtlesim/srv/detail/dds_fastrtps/spawn__type_support.cpp.o[0m
[7.853s] [ 57%] [32m[1mLinking CXX shared library libturtlesim__rosidl_typesupport_introspection_cpp.so[0m
[7.980s] [ 57%] Built target turtlesim__rosidl_typesupport_introspection_cpp
[7.995s] [ 58%] [32mBuilding CXX object CMakeFiles/turtlesim__rosidl_typesupport_fastrtps_cpp.dir/rosidl_typesupport_fastrtps_cpp/turtlesim/srv/detail/dds_fastrtps/teleport_absolute__type_support.cpp.o[0m
[8.045s] [ 59%] [32m[1mLinking CXX shared library libturtlesim__rosidl_typesupport_cpp.so[0m
[8.107s] [ 59%] Built target turtlesim__rosidl_typesupport_cpp
[8.119s] [ 60%] [32mBuilding CXX object CMakeFiles/turtlesim__rosidl_typesupport_fastrtps_cpp.dir/rosidl_typesupport_fastrtps_cpp/turtlesim/srv/detail/dds_fastrtps/teleport_relative__type_support.cpp.o[0m
[8.597s] [ 61%] [32m[1mLinking CXX shared library libturtlesim__rosidl_typesupport_fastrtps_cpp.so[0m
[8.703s] [ 61%] Built target turtlesim__rosidl_typesupport_fastrtps_cpp
[8.714s] [ 62%] [34m[1mGenerating C type support for eProsima Fast-RTPS[0m
[9.473s] [35m[1mScanning dependencies of target turtlesim__rosidl_typesupport_fastrtps_c[0m
[9.509s] [ 66%] [32mBuilding CXX object CMakeFiles/turtlesim__rosidl_typesupport_fastrtps_c.dir/rosidl_typesupport_fastrtps_c/turtlesim/action/detail/rotate_absolute__type_support_c.cpp.o[0m
[9.510s] [ 65%] [32mBuilding CXX object CMakeFiles/turtlesim__rosidl_typesupport_fastrtps_c.dir/rosidl_typesupport_fastrtps_c/turtlesim/msg/detail/color__type_support_c.cpp.o[0m
[9.510s] [ 65%] [32mBuilding CXX object CMakeFiles/turtlesim__rosidl_typesupport_fastrtps_c.dir/rosidl_typesupport_fastrtps_c/turtlesim/srv/detail/kill__type_support_c.cpp.o[0m
[9.510s] [ 66%] [32mBuilding CXX object CMakeFiles/turtlesim__rosidl_typesupport_fastrtps_c.dir/rosidl_typesupport_fastrtps_c/turtlesim/msg/detail/pose__type_support_c.cpp.o[0m
[10.003s] [ 67%] [32mBuilding CXX object CMakeFiles/turtlesim__rosidl_typesupport_fastrtps_c.dir/rosidl_typesupport_fastrtps_c/turtlesim/srv/detail/set_pen__type_support_c.cpp.o[0m
[10.007s] [ 68%] [32mBuilding CXX object CMakeFiles/turtlesim__rosidl_typesupport_fastrtps_c.dir/rosidl_typesupport_fastrtps_c/turtlesim/srv/detail/spawn__type_support_c.cpp.o[0m
[10.030s] [ 69%] [32mBuilding CXX object CMakeFiles/turtlesim__rosidl_typesupport_fastrtps_c.dir/rosidl_typesupport_fastrtps_c/turtlesim/srv/detail/teleport_absolute__type_support_c.cpp.o[0m
[10.059s] [ 70%] [32mBuilding CXX object CMakeFiles/turtlesim__rosidl_typesupport_fastrtps_c.dir/rosidl_typesupport_fastrtps_c/turtlesim/srv/detail/teleport_relative__type_support_c.cpp.o[0m
[10.698s] [ 71%] [32m[1mLinking CXX shared library libturtlesim__rosidl_typesupport_fastrtps_c.so[0m
[10.842s] [ 71%] Built target turtlesim__rosidl_typesupport_fastrtps_c
[10.857s] [35m[1mScanning dependencies of target turtlesim[0m
[10.874s] [ 71%] Built target turtlesim
[10.892s] [35m[1mScanning dependencies of target turtlesim__py[0m
[10.893s] [35m[1mScanning dependencies of target draw_square[0m
[10.895s] [35m[1mScanning dependencies of target mimic[0m
[10.896s] [35m[1mScanning dependencies of target turtle_teleop_key[0m
[10.910s] [ 72%] [34m[1mGenerating Python code for ROS interfaces[0m
[11.105s] [ 73%] [32mBuilding CXX object CMakeFiles/mimic.dir/tutorials/mimic.cpp.o[0m
[11.109s] [ 74%] [32mBuilding CXX object CMakeFiles/draw_square.dir/tutorials/draw_square.cpp.o[0m
[11.114s] [ 75%] [32mBuilding CXX object CMakeFiles/turtle_teleop_key.dir/tutorials/teleop_turtle_key.cpp.o[0m
[14.886s] [ 75%] Built target turtlesim__py
[14.910s] [ 76%] [34m[1mGenerating include/turtlesim/moc_turtle_frame.cpp[0m
[15.185s] [35m[1mScanning dependencies of target turtlesim_node[0m
[15.545s] [ 77%] [32mBuilding CXX object CMakeFiles/turtlesim_node.dir/src/turtlesim.cpp.o[0m
[277.739s] [ 78%] [32m[1mLinking CXX executable turtle_teleop_key[0m
[278.328s] [ 78%] Built target turtle_teleop_key
[278.651s] [ 79%] [32m[1mLinking CXX executable mimic[0m
[279.151s] [ 80%] [32mBuilding CXX object CMakeFiles/turtlesim_node.dir/src/turtle.cpp.o[0m
[279.172s] [ 80%] Built target mimic
[279.630s] [ 81%] [32m[1mLinking CXX executable draw_square[0m
[280.088s] [ 81%] Built target draw_square
[289.464s] [ 82%] [32mBuilding CXX object CMakeFiles/turtlesim_node.dir/include/turtlesim/moc_turtle_frame.cpp.o[0m
[292.773s] [ 83%] [32mBuilding CXX object CMakeFiles/turtlesim_node.dir/src/turtle_frame.cpp.o[0m
[301.333s] [ 84%] [32m[1mLinking CXX executable turtlesim_node[0m
[303.238s] [ 84%] Built target turtlesim_node
[303.260s] [35m[1mScanning dependencies of target turtlesim__python[0m
[303.366s] [ 85%] [32mBuilding C object CMakeFiles/turtlesim__python.dir/rosidl_generator_py/turtlesim/action/_rotate_absolute_s.c.o[0m
[303.626s] [ 86%] [32mBuilding C object CMakeFiles/turtlesim__python.dir/rosidl_generator_py/turtlesim/srv/_kill_s.c.o[0m
[303.753s] [ 87%] [32mBuilding C object CMakeFiles/turtlesim__python.dir/rosidl_generator_py/turtlesim/srv/_set_pen_s.c.o[0m
[303.869s] [ 88%] [32mBuilding C object CMakeFiles/turtlesim__python.dir/rosidl_generator_py/turtlesim/srv/_spawn_s.c.o[0m
[303.988s] [ 89%] [32mBuilding C object CMakeFiles/turtlesim__python.dir/rosidl_generator_py/turtlesim/srv/_teleport_absolute_s.c.o[0m
[304.099s] [ 90%] [32mBuilding C object CMakeFiles/turtlesim__python.dir/rosidl_generator_py/turtlesim/srv/_teleport_relative_s.c.o[0m
[304.208s] [ 91%] [32mBuilding C object CMakeFiles/turtlesim__python.dir/rosidl_generator_py/turtlesim/msg/_pose_s.c.o[0m
[304.312s] [ 92%] [32mBuilding C object CMakeFiles/turtlesim__python.dir/rosidl_generator_py/turtlesim/msg/_color_s.c.o[0m
[304.412s] [ 93%] [32m[1mLinking C shared library rosidl_generator_py/turtlesim/libturtlesim__python.so[0m
[304.470s] [ 93%] Built target turtlesim__python
[304.486s] [35m[1mScanning dependencies of target turtlesim__rosidl_typesupport_introspection_c__pyext[0m
[304.514s] [ 94%] [32mBuilding C object CMakeFiles/turtlesim__rosidl_typesupport_introspection_c__pyext.dir/rosidl_generator_py/turtlesim/_turtlesim_s.ep.rosidl_typesupport_introspection_c.c.o[0m
[304.673s] [ 95%] [32m[1mLinking C shared library rosidl_generator_py/turtlesim/turtlesim_s__rosidl_typesupport_introspection_c.cpython-38-x86_64-linux-gnu.so[0m
[304.727s] [ 95%] Built target turtlesim__rosidl_typesupport_introspection_c__pyext
[304.743s] [35m[1mScanning dependencies of target turtlesim__rosidl_typesupport_c__pyext[0m
[304.772s] [ 96%] [32mBuilding C object CMakeFiles/turtlesim__rosidl_typesupport_c__pyext.dir/rosidl_generator_py/turtlesim/_turtlesim_s.ep.rosidl_typesupport_c.c.o[0m
[304.972s] [ 97%] [32m[1mLinking C shared library rosidl_generator_py/turtlesim/turtlesim_s__rosidl_typesupport_c.cpython-38-x86_64-linux-gnu.so[0m
[305.027s] [ 97%] Built target turtlesim__rosidl_typesupport_c__pyext
[305.041s] [35m[1mScanning dependencies of target turtlesim__rosidl_typesupport_fastrtps_c__pyext[0m
[305.073s] [ 98%] [32mBuilding C object CMakeFiles/turtlesim__rosidl_typesupport_fastrtps_c__pyext.dir/rosidl_generator_py/turtlesim/_turtlesim_s.ep.rosidl_typesupport_fastrtps_c.c.o[0m
[305.261s] [100%] [32m[1mLinking CXX shared library rosidl_generator_py/turtlesim/turtlesim_s__rosidl_typesupport_fastrtps_c.cpython-38-x86_64-linux-gnu.so[0m
[305.381s] [100%] Built target turtlesim__rosidl_typesupport_fastrtps_c__pyext
[305.401s] Invoked command in '/home/cclehui/go_workspace/src/github.com/cclehui/study_ros/tutorials/build/turtlesim' returned '0': CMAKE_PREFIX_PATH=/opt/ros/foxy /usr/bin/cmake --build /home/cclehui/go_workspace/src/github.com/cclehui/study_ros/tutorials/build/turtlesim -- -j4 -l4
[305.656s] Invoking command in '/home/cclehui/go_workspace/src/github.com/cclehui/study_ros/tutorials/build/turtlesim': CMAKE_PREFIX_PATH=/opt/ros/foxy /usr/bin/cmake --install /home/cclehui/go_workspace/src/github.com/cclehui/study_ros/tutorials/build/turtlesim
[305.668s] -- Install configuration: ""
[305.672s] -- Installing: /home/cclehui/go_workspace/src/github.com/cclehui/study_ros/tutorials/install/turtlesim/share/ament_index/resource_index/rosidl_interfaces/turtlesim
[305.672s] -- Installing: /home/cclehui/go_workspace/src/github.com/cclehui/study_ros/tutorials/install/turtlesim/include/turtlesim
[305.674s] -- Installing: /home/cclehui/go_workspace/src/github.com/cclehui/study_ros/tutorials/install/turtlesim/include/turtlesim/msg
[305.674s] -- Installing: /home/cclehui/go_workspace/src/github.com/cclehui/study_ros/tutorials/install/turtlesim/include/turtlesim/msg/detail
[305.674s] -- Installing: /home/cclehui/go_workspace/src/github.com/cclehui/study_ros/tutorials/install/turtlesim/include/turtlesim/msg/detail/pose__type_support.h
[305.674s] -- Installing: /home/cclehui/go_workspace/src/github.com/cclehui/study_ros/tutorials/install/turtlesim/include/turtlesim/msg/detail/color__struct.h
[305.675s] -- Installing: /home/cclehui/go_workspace/src/github.com/cclehui/study_ros/tutorials/install/turtlesim/include/turtlesim/msg/detail/pose__functions.c
[305.675s] -- Installing: /home/cclehui/go_workspace/src/github.com/cclehui/study_ros/tutorials/install/turtlesim/include/turtlesim/msg/detail/color__functions.h
[305.675s] -- Installing: /home/cclehui/go_workspace/src/github.com/cclehui/study_ros/tutorials/install/turtlesim/include/turtlesim/msg/detail/color__type_support.h
[305.676s] -- Installing: /home/cclehui/go_workspace/src/github.com/cclehui/study_ros/tutorials/install/turtlesim/include/turtlesim/msg/detail/pose__functions.h
[305.676s] -- Installing: /home/cclehui/go_workspace/src/github.com/cclehui/study_ros/tutorials/install/turtlesim/include/turtlesim/msg/detail/color__functions.c
[305.676s] -- Installing: /home/cclehui/go_workspace/src/github.com/cclehui/study_ros/tutorials/install/turtlesim/include/turtlesim/msg/detail/pose__struct.h
[305.676s] -- Installing: /home/cclehui/go_workspace/src/github.com/cclehui/study_ros/tutorials/install/turtlesim/include/turtlesim/msg/rosidl_generator_c__visibility_control.h
[305.676s] -- Installing: /home/cclehui/go_workspace/src/github.com/cclehui/study_ros/tutorials/install/turtlesim/include/turtlesim/msg/color.h
[305.676s] -- Installing: /home/cclehui/go_workspace/src/github.com/cclehui/study_ros/tutorials/install/turtlesim/include/turtlesim/msg/pose.h
[305.677s] -- Installing: /home/cclehui/go_workspace/src/github.com/cclehui/study_ros/tutorials/install/turtlesim/include/turtlesim/srv
[305.679s] -- Installing: /home/cclehui/go_workspace/src/github.com/cclehui/study_ros/tutorials/install/turtlesim/include/turtlesim/srv/teleport_relative.h
[305.679s] -- Installing: /home/cclehui/go_workspace/src/github.com/cclehui/study_ros/tutorials/install/turtlesim/include/turtlesim/srv/teleport_absolute.h
[305.680s] -- Installing: /home/cclehui/go_workspace/src/github.com/cclehui/study_ros/tutorials/install/turtlesim/include/turtlesim/srv/kill.h
[305.680s] -- Installing: /home/cclehui/go_workspace/src/github.com/cclehui/study_ros/tutorials/install/turtlesim/include/turtlesim/srv/spawn.h
[305.681s] -- Installing: /home/cclehui/go_workspace/src/github.com/cclehui/study_ros/tutorials/install/turtlesim/include/turtlesim/srv/detail
[305.681s] -- Installing: /home/cclehui/go_workspace/src/github.com/cclehui/study_ros/tutorials/install/turtlesim/include/turtlesim/srv/detail/kill__struct.h
[305.681s] -- Installing: /home/cclehui/go_workspace/src/github.com/cclehui/study_ros/tutorials/install/turtlesim/include/turtlesim/srv/detail/spawn__struct.h
[305.681s] -- Installing: /home/cclehui/go_workspace/src/github.com/cclehui/study_ros/tutorials/install/turtlesim/include/turtlesim/srv/detail/teleport_relative__functions.h
[305.681s] -- Installing: /home/cclehui/go_workspace/src/github.com/cclehui/study_ros/tutorials/install/turtlesim/include/turtlesim/srv/detail/set_pen__functions.h
[305.681s] -- Installing: /home/cclehui/go_workspace/src/github.com/cclehui/study_ros/tutorials/install/turtlesim/include/turtlesim/srv/detail/kill__functions.h
[305.681s] -- Installing: /home/cclehui/go_workspace/src/github.com/cclehui/study_ros/tutorials/install/turtlesim/include/turtlesim/srv/detail/teleport_relative__type_support.h
[305.682s] -- Installing: /home/cclehui/go_workspace/src/github.com/cclehui/study_ros/tutorials/install/turtlesim/include/turtlesim/srv/detail/spawn__functions.h
[305.682s] -- Installing: /home/cclehui/go_workspace/src/github.com/cclehui/study_ros/tutorials/install/turtlesim/include/turtlesim/srv/detail/spawn__type_support.h
[305.682s] -- Installing: /home/cclehui/go_workspace/src/github.com/cclehui/study_ros/tutorials/install/turtlesim/include/turtlesim/srv/detail/set_pen__type_support.h
[305.683s] -- Installing: /home/cclehui/go_workspace/src/github.com/cclehui/study_ros/tutorials/install/turtlesim/include/turtlesim/srv/detail/teleport_absolute__functions.c
[305.683s] -- Installing: /home/cclehui/go_workspace/src/github.com/cclehui/study_ros/tutorials/install/turtlesim/include/turtlesim/srv/detail/spawn__functions.c
[305.683s] -- Installing: /home/cclehui/go_workspace/src/github.com/cclehui/study_ros/tutorials/install/turtlesim/include/turtlesim/srv/detail/teleport_absolute__struct.h
[305.683s] -- Installing: /home/cclehui/go_workspace/src/github.com/cclehui/study_ros/tutorials/install/turtlesim/include/turtlesim/srv/detail/teleport_absolute__functions.h
[305.683s] -- Installing: /home/cclehui/go_workspace/src/github.com/cclehui/study_ros/tutorials/install/turtlesim/include/turtlesim/srv/detail/kill__type_support.h
[305.684s] -- Installing: /home/cclehui/go_workspace/src/github.com/cclehui/study_ros/tutorials/install/turtlesim/include/turtlesim/srv/detail/kill__functions.c
[305.684s] -- Installing: /home/cclehui/go_workspace/src/github.com/cclehui/study_ros/tutorials/install/turtlesim/include/turtlesim/srv/detail/set_pen__struct.h
[305.684s] -- Installing: /home/cclehui/go_workspace/src/github.com/cclehui/study_ros/tutorials/install/turtlesim/include/turtlesim/srv/detail/teleport_relative__functions.c
[305.684s] -- Installing: /home/cclehui/go_workspace/src/github.com/cclehui/study_ros/tutorials/install/turtlesim/include/turtlesim/srv/detail/set_pen__functions.c
[305.684s] -- Installing: /home/cclehui/go_workspace/src/github.com/cclehui/study_ros/tutorials/install/turtlesim/include/turtlesim/srv/detail/teleport_absolute__type_support.h
[305.685s] -- Installing: /home/cclehui/go_workspace/src/github.com/cclehui/study_ros/tutorials/install/turtlesim/include/turtlesim/srv/detail/teleport_relative__struct.h
[305.685s] -- Installing: /home/cclehui/go_workspace/src/github.com/cclehui/study_ros/tutorials/install/turtlesim/include/turtlesim/srv/set_pen.h
[305.685s] -- Installing: /home/cclehui/go_workspace/src/github.com/cclehui/study_ros/tutorials/install/turtlesim/include/turtlesim/action
[305.685s] -- Installing: /home/cclehui/go_workspace/src/github.com/cclehui/study_ros/tutorials/install/turtlesim/include/turtlesim/action/detail
[305.685s] -- Installing: /home/cclehui/go_workspace/src/github.com/cclehui/study_ros/tutorials/install/turtlesim/include/turtlesim/action/detail/rotate_absolute__functions.c
[305.685s] -- Installing: /home/cclehui/go_workspace/src/github.com/cclehui/study_ros/tutorials/install/turtlesim/include/turtlesim/action/detail/rotate_absolute__struct.h
[305.685s] -- Installing: /home/cclehui/go_workspace/src/github.com/cclehui/study_ros/tutorials/install/turtlesim/include/turtlesim/action/detail/rotate_absolute__type_support.h
[305.686s] -- Installing: /home/cclehui/go_workspace/src/github.com/cclehui/study_ros/tutorials/install/turtlesim/include/turtlesim/action/detail/rotate_absolute__functions.h
[305.686s] -- Installing: /home/cclehui/go_workspace/src/github.com/cclehui/study_ros/tutorials/install/turtlesim/include/turtlesim/action/rotate_absolute.h
[305.688s] -- Installing: /home/cclehui/go_workspace/src/github.com/cclehui/study_ros/tutorials/install/turtlesim/share/turtlesim/environment/library_path.sh
[305.688s] -- Installing: /home/cclehui/go_workspace/src/github.com/cclehui/study_ros/tutorials/install/turtlesim/share/turtlesim/environment/library_path.dsv
[305.689s] -- Installing: /home/cclehui/go_workspace/src/github.com/cclehui/study_ros/tutorials/install/turtlesim/lib/libturtlesim__rosidl_generator_c.so
[305.691s] -- Set runtime path of "/home/cclehui/go_workspace/src/github.com/cclehui/study_ros/tutorials/install/turtlesim/lib/libturtlesim__rosidl_generator_c.so" to ""
[305.691s] -- Up-to-date: /home/cclehui/go_workspace/src/github.com/cclehui/study_ros/tutorials/install/turtlesim/include/turtlesim
[305.692s] -- Up-to-date: /home/cclehui/go_workspace/src/github.com/cclehui/study_ros/tutorials/install/turtlesim/include/turtlesim/msg
[305.692s] -- Installing: /home/cclehui/go_workspace/src/github.com/cclehui/study_ros/tutorials/install/turtlesim/include/turtlesim/msg/rosidl_typesupport_fastrtps_c__visibility_control.h
[305.692s] -- Up-to-date: /home/cclehui/go_workspace/src/github.com/cclehui/study_ros/tutorials/install/turtlesim/include/turtlesim/msg/detail
[305.692s] -- Installing: /home/cclehui/go_workspace/src/github.com/cclehui/study_ros/tutorials/install/turtlesim/include/turtlesim/msg/detail/color__rosidl_typesupport_fastrtps_c.h
[305.693s] -- Installing: /home/cclehui/go_workspace/src/github.com/cclehui/study_ros/tutorials/install/turtlesim/include/turtlesim/msg/detail/pose__rosidl_typesupport_fastrtps_c.h
[305.693s] -- Up-to-date: /home/cclehui/go_workspace/src/github.com/cclehui/study_ros/tutorials/install/turtlesim/include/turtlesim/srv
[305.693s] -- Up-to-date: /home/cclehui/go_workspace/src/github.com/cclehui/study_ros/tutorials/install/turtlesim/include/turtlesim/srv/detail
[305.693s] -- Installing: /home/cclehui/go_workspace/src/github.com/cclehui/study_ros/tutorials/install/turtlesim/include/turtlesim/srv/detail/kill__rosidl_typesupport_fastrtps_c.h
[305.694s] -- Installing: /home/cclehui/go_workspace/src/github.com/cclehui/study_ros/tutorials/install/turtlesim/include/turtlesim/srv/detail/teleport_relative__rosidl_typesupport_fastrtps_c.h
[305.694s] -- Installing: /home/cclehui/go_workspace/src/github.com/cclehui/study_ros/tutorials/install/turtlesim/include/turtlesim/srv/detail/teleport_absolute__rosidl_typesupport_fastrtps_c.h
[305.694s] -- Installing: /home/cclehui/go_workspace/src/github.com/cclehui/study_ros/tutorials/install/turtlesim/include/turtlesim/srv/detail/spawn__rosidl_typesupport_fastrtps_c.h
[305.694s] -- Installing: /home/cclehui/go_workspace/src/github.com/cclehui/study_ros/tutorials/install/turtlesim/include/turtlesim/srv/detail/set_pen__rosidl_typesupport_fastrtps_c.h
[305.694s] -- Up-to-date: /home/cclehui/go_workspace/src/github.com/cclehui/study_ros/tutorials/install/turtlesim/include/turtlesim/action
[305.694s] -- Up-to-date: /home/cclehui/go_workspace/src/github.com/cclehui/study_ros/tutorials/install/turtlesim/include/turtlesim/action/detail
[305.695s] -- Installing: /home/cclehui/go_workspace/src/github.com/cclehui/study_ros/tutorials/install/turtlesim/include/turtlesim/action/detail/rotate_absolute__rosidl_typesupport_fastrtps_c.h
[305.695s] -- Installing: /home/cclehui/go_workspace/src/github.com/cclehui/study_ros/tutorials/install/turtlesim/lib/libturtlesim__rosidl_typesupport_fastrtps_c.so
[305.695s] -- Set runtime path of "/home/cclehui/go_workspace/src/github.com/cclehui/study_ros/tutorials/install/turtlesim/lib/libturtlesim__rosidl_typesupport_fastrtps_c.so" to ""
[305.696s] -- Up-to-date: /home/cclehui/go_workspace/src/github.com/cclehui/study_ros/tutorials/install/turtlesim/include/turtlesim
[305.696s] -- Up-to-date: /home/cclehui/go_workspace/src/github.com/cclehui/study_ros/tutorials/install/turtlesim/include/turtlesim/msg
[305.696s] -- Installing: /home/cclehui/go_workspace/src/github.com/cclehui/study_ros/tutorials/install/turtlesim/include/turtlesim/msg/rosidl_typesupport_fastrtps_cpp__visibility_control.h
[305.696s] -- Up-to-date: /home/cclehui/go_workspace/src/github.com/cclehui/study_ros/tutorials/install/turtlesim/include/turtlesim/msg/detail
[305.697s] -- Installing: /home/cclehui/go_workspace/src/github.com/cclehui/study_ros/tutorials/install/turtlesim/include/turtlesim/msg/detail/pose__rosidl_typesupport_fastrtps_cpp.hpp
[305.697s] -- Installing: /home/cclehui/go_workspace/src/github.com/cclehui/study_ros/tutorials/install/turtlesim/include/turtlesim/msg/detail/dds_fastrtps
[305.697s] -- Installing: /home/cclehui/go_workspace/src/github.com/cclehui/study_ros/tutorials/install/turtlesim/include/turtlesim/msg/detail/color__rosidl_typesupport_fastrtps_cpp.hpp
[305.698s] -- Up-to-date: /home/cclehui/go_workspace/src/github.com/cclehui/study_ros/tutorials/install/turtlesim/include/turtlesim/srv
[305.698s] -- Up-to-date: /home/cclehui/go_workspace/src/github.com/cclehui/study_ros/tutorials/install/turtlesim/include/turtlesim/srv/detail
[305.698s] -- Installing: /home/cclehui/go_workspace/src/github.com/cclehui/study_ros/tutorials/install/turtlesim/include/turtlesim/srv/detail/teleport_absolute__rosidl_typesupport_fastrtps_cpp.hpp
[305.698s] -- Installing: /home/cclehui/go_workspace/src/github.com/cclehui/study_ros/tutorials/install/turtlesim/include/turtlesim/srv/detail/teleport_relative__rosidl_typesupport_fastrtps_cpp.hpp
[305.699s] -- Installing: /home/cclehui/go_workspace/src/github.com/cclehui/study_ros/tutorials/install/turtlesim/include/turtlesim/srv/detail/spawn__rosidl_typesupport_fastrtps_cpp.hpp
[305.699s] -- Installing: /home/cclehui/go_workspace/src/github.com/cclehui/study_ros/tutorials/install/turtlesim/include/turtlesim/srv/detail/set_pen__rosidl_typesupport_fastrtps_cpp.hpp
[305.700s] -- Installing: /home/cclehui/go_workspace/src/github.com/cclehui/study_ros/tutorials/install/turtlesim/include/turtlesim/srv/detail/kill__rosidl_typesupport_fastrtps_cpp.hpp
[305.700s] -- Installing: /home/cclehui/go_workspace/src/github.com/cclehui/study_ros/tutorials/install/turtlesim/include/turtlesim/srv/detail/dds_fastrtps
[305.700s] -- Up-to-date: /home/cclehui/go_workspace/src/github.com/cclehui/study_ros/tutorials/install/turtlesim/include/turtlesim/action
[305.700s] -- Up-to-date: /home/cclehui/go_workspace/src/github.com/cclehui/study_ros/tutorials/install/turtlesim/include/turtlesim/action/detail
[305.701s] -- Installing: /home/cclehui/go_workspace/src/github.com/cclehui/study_ros/tutorials/install/turtlesim/include/turtlesim/action/detail/dds_fastrtps
[305.701s] -- Installing: /home/cclehui/go_workspace/src/github.com/cclehui/study_ros/tutorials/install/turtlesim/include/turtlesim/action/detail/rotate_absolute__rosidl_typesupport_fastrtps_cpp.hpp
[305.702s] -- Installing: /home/cclehui/go_workspace/src/github.com/cclehui/study_ros/tutorials/install/turtlesim/lib/libturtlesim__rosidl_typesupport_fastrtps_cpp.so
[305.702s] -- Set runtime path of "/home/cclehui/go_workspace/src/github.com/cclehui/study_ros/tutorials/install/turtlesim/lib/libturtlesim__rosidl_typesupport_fastrtps_cpp.so" to ""
[305.703s] -- Up-to-date: /home/cclehui/go_workspace/src/github.com/cclehui/study_ros/tutorials/install/turtlesim/include/turtlesim
[305.703s] -- Up-to-date: /home/cclehui/go_workspace/src/github.com/cclehui/study_ros/tutorials/install/turtlesim/include/turtlesim/msg
[305.703s] -- Installing: /home/cclehui/go_workspace/src/github.com/cclehui/study_ros/tutorials/install/turtlesim/include/turtlesim/msg/rosidl_typesupport_introspection_c__visibility_control.h
[305.703s] -- Up-to-date: /home/cclehui/go_workspace/src/github.com/cclehui/study_ros/tutorials/install/turtlesim/include/turtlesim/msg/detail
[305.704s] -- Installing: /home/cclehui/go_workspace/src/github.com/cclehui/study_ros/tutorials/install/turtlesim/include/turtlesim/msg/detail/color__rosidl_typesupport_introspection_c.h
[305.704s] -- Installing: /home/cclehui/go_workspace/src/github.com/cclehui/study_ros/tutorials/install/turtlesim/include/turtlesim/msg/detail/pose__rosidl_typesupport_introspection_c.h
[305.704s] -- Installing: /home/cclehui/go_workspace/src/github.com/cclehui/study_ros/tutorials/install/turtlesim/include/turtlesim/msg/detail/pose__type_support.c
[305.705s] -- Installing: /home/cclehui/go_workspace/src/github.com/cclehui/study_ros/tutorials/install/turtlesim/include/turtlesim/msg/detail/color__type_support.c
[305.707s] -- Up-to-date: /home/cclehui/go_workspace/src/github.com/cclehui/study_ros/tutorials/install/turtlesim/include/turtlesim/srv
[305.707s] -- Up-to-date: /home/cclehui/go_workspace/src/github.com/cclehui/study_ros/tutorials/install/turtlesim/include/turtlesim/srv/detail
[305.708s] -- Installing: /home/cclehui/go_workspace/src/github.com/cclehui/study_ros/tutorials/install/turtlesim/include/turtlesim/srv/detail/set_pen__rosidl_typesupport_introspection_c.h
[305.708s] -- Installing: /home/cclehui/go_workspace/src/github.com/cclehui/study_ros/tutorials/install/turtlesim/include/turtlesim/srv/detail/teleport_absolute__type_support.c
[305.708s] -- Installing: /home/cclehui/go_workspace/src/github.com/cclehui/study_ros/tutorials/install/turtlesim/include/turtlesim/srv/detail/teleport_relative__rosidl_typesupport_introspection_c.h
[305.708s] -- Installing: /home/cclehui/go_workspace/src/github.com/cclehui/study_ros/tutorials/install/turtlesim/include/turtlesim/srv/detail/kill__rosidl_typesupport_introspection_c.h
[305.709s] -- Installing: /home/cclehui/go_workspace/src/github.com/cclehui/study_ros/tutorials/install/turtlesim/include/turtlesim/srv/detail/spawn__rosidl_typesupport_introspection_c.h
[305.709s] -- Installing: /home/cclehui/go_workspace/src/github.com/cclehui/study_ros/tutorials/install/turtlesim/include/turtlesim/srv/detail/teleport_absolute__rosidl_typesupport_introspection_c.h
[305.710s] -- Installing: /home/cclehui/go_workspace/src/github.com/cclehui/study_ros/tutorials/install/turtlesim/include/turtlesim/srv/detail/spawn__type_support.c
[305.710s] -- Installing: /home/cclehui/go_workspace/src/github.com/cclehui/study_ros/tutorials/install/turtlesim/include/turtlesim/srv/detail/set_pen__type_support.c
[305.710s] -- Installing: /home/cclehui/go_workspace/src/github.com/cclehui/study_ros/tutorials/install/turtlesim/include/turtlesim/srv/detail/kill__type_support.c
[305.710s] -- Installing: /home/cclehui/go_workspace/src/github.com/cclehui/study_ros/tutorials/install/turtlesim/include/turtlesim/srv/detail/teleport_relative__type_support.c
[305.711s] -- Up-to-date: /home/cclehui/go_workspace/src/github.com/cclehui/study_ros/tutorials/install/turtlesim/include/turtlesim/action
[305.711s] -- Up-to-date: /home/cclehui/go_workspace/src/github.com/cclehui/study_ros/tutorials/install/turtlesim/include/turtlesim/action/detail
[305.711s] -- Installing: /home/cclehui/go_workspace/src/github.com/cclehui/study_ros/tutorials/install/turtlesim/include/turtlesim/action/detail/rotate_absolute__type_support.c
[305.712s] -- Installing: /home/cclehui/go_workspace/src/github.com/cclehui/study_ros/tutorials/install/turtlesim/include/turtlesim/action/detail/rotate_absolute__rosidl_typesupport_introspection_c.h
[305.712s] -- Installing: /home/cclehui/go_workspace/src/github.com/cclehui/study_ros/tutorials/install/turtlesim/lib/libturtlesim__rosidl_typesupport_introspection_c.so
[305.713s] -- Set runtime path of "/home/cclehui/go_workspace/src/github.com/cclehui/study_ros/tutorials/install/turtlesim/lib/libturtlesim__rosidl_typesupport_introspection_c.so" to ""
[305.713s] -- Installing: /home/cclehui/go_workspace/src/github.com/cclehui/study_ros/tutorials/install/turtlesim/lib/libturtlesim__rosidl_typesupport_c.so
[305.714s] -- Set runtime path of "/home/cclehui/go_workspace/src/github.com/cclehui/study_ros/tutorials/install/turtlesim/lib/libturtlesim__rosidl_typesupport_c.so" to ""
[305.714s] -- Up-to-date: /home/cclehui/go_workspace/src/github.com/cclehui/study_ros/tutorials/install/turtlesim/include/turtlesim
[305.714s] -- Up-to-date: /home/cclehui/go_workspace/src/github.com/cclehui/study_ros/tutorials/install/turtlesim/include/turtlesim/msg
[305.714s] -- Installing: /home/cclehui/go_workspace/src/github.com/cclehui/study_ros/tutorials/install/turtlesim/include/turtlesim/msg/pose.hpp
[305.714s] -- Up-to-date: /home/cclehui/go_workspace/src/github.com/cclehui/study_ros/tutorials/install/turtlesim/include/turtlesim/msg/detail
[305.714s] -- Installing: /home/cclehui/go_workspace/src/github.com/cclehui/study_ros/tutorials/install/turtlesim/include/turtlesim/msg/detail/pose__traits.hpp
[305.715s] -- Installing: /home/cclehui/go_workspace/src/github.com/cclehui/study_ros/tutorials/install/turtlesim/include/turtlesim/msg/detail/color__struct.hpp
[305.715s] -- Installing: /home/cclehui/go_workspace/src/github.com/cclehui/study_ros/tutorials/install/turtlesim/include/turtlesim/msg/detail/pose__builder.hpp
[305.715s] -- Installing: /home/cclehui/go_workspace/src/github.com/cclehui/study_ros/tutorials/install/turtlesim/include/turtlesim/msg/detail/color__builder.hpp
[305.715s] -- Installing: /home/cclehui/go_workspace/src/github.com/cclehui/study_ros/tutorials/install/turtlesim/include/turtlesim/msg/detail/color__traits.hpp
[305.715s] -- Installing: /home/cclehui/go_workspace/src/github.com/cclehui/study_ros/tutorials/install/turtlesim/include/turtlesim/msg/detail/pose__struct.hpp
[305.715s] -- Installing: /home/cclehui/go_workspace/src/github.com/cclehui/study_ros/tutorials/install/turtlesim/include/turtlesim/msg/color.hpp
[305.716s] -- Up-to-date: /home/cclehui/go_workspace/src/github.com/cclehui/study_ros/tutorials/install/turtlesim/include/turtlesim/srv
[305.716s] -- Installing: /home/cclehui/go_workspace/src/github.com/cclehui/study_ros/tutorials/install/turtlesim/include/turtlesim/srv/teleport_relative.hpp
[305.716s] -- Installing: /home/cclehui/go_workspace/src/github.com/cclehui/study_ros/tutorials/install/turtlesim/include/turtlesim/srv/kill.hpp
[305.716s] -- Installing: /home/cclehui/go_workspace/src/github.com/cclehui/study_ros/tutorials/install/turtlesim/include/turtlesim/srv/set_pen.hpp
[305.716s] -- Installing: /home/cclehui/go_workspace/src/github.com/cclehui/study_ros/tutorials/install/turtlesim/include/turtlesim/srv/spawn.hpp
[305.716s] -- Up-to-date: /home/cclehui/go_workspace/src/github.com/cclehui/study_ros/tutorials/install/turtlesim/include/turtlesim/srv/detail
[305.717s] -- Installing: /home/cclehui/go_workspace/src/github.com/cclehui/study_ros/tutorials/install/turtlesim/include/turtlesim/srv/detail/set_pen__struct.hpp
[305.717s] -- Installing: /home/cclehui/go_workspace/src/github.com/cclehui/study_ros/tutorials/install/turtlesim/include/turtlesim/srv/detail/kill__builder.hpp
[305.717s] -- Installing: /home/cclehui/go_workspace/src/github.com/cclehui/study_ros/tutorials/install/turtlesim/include/turtlesim/srv/detail/teleport_relative__struct.hpp
[305.717s] -- Installing: /home/cclehui/go_workspace/src/github.com/cclehui/study_ros/tutorials/install/turtlesim/include/turtlesim/srv/detail/teleport_relative__builder.hpp
[305.717s] -- Installing: /home/cclehui/go_workspace/src/github.com/cclehui/study_ros/tutorials/install/turtlesim/include/turtlesim/srv/detail/teleport_absolute__builder.hpp
[305.717s] -- Installing: /home/cclehui/go_workspace/src/github.com/cclehui/study_ros/tutorials/install/turtlesim/include/turtlesim/srv/detail/spawn__traits.hpp
[305.718s] -- Installing: /home/cclehui/go_workspace/src/github.com/cclehui/study_ros/tutorials/install/turtlesim/include/turtlesim/srv/detail/kill__struct.hpp
[305.718s] -- Installing: /home/cclehui/go_workspace/src/github.com/cclehui/study_ros/tutorials/install/turtlesim/include/turtlesim/srv/detail/teleport_absolute__struct.hpp
[305.718s] -- Installing: /home/cclehui/go_workspace/src/github.com/cclehui/study_ros/tutorials/install/turtlesim/include/turtlesim/srv/detail/teleport_relative__traits.hpp
[305.718s] -- Installing: /home/cclehui/go_workspace/src/github.com/cclehui/study_ros/tutorials/install/turtlesim/include/turtlesim/srv/detail/set_pen__traits.hpp
[305.718s] -- Installing: /home/cclehui/go_workspace/src/github.com/cclehui/study_ros/tutorials/install/turtlesim/include/turtlesim/srv/detail/teleport_absolute__traits.hpp
[305.718s] -- Installing: /home/cclehui/go_workspace/src/github.com/cclehui/study_ros/tutorials/install/turtlesim/include/turtlesim/srv/detail/spawn__struct.hpp
[305.718s] -- Installing: /home/cclehui/go_workspace/src/github.com/cclehui/study_ros/tutorials/install/turtlesim/include/turtlesim/srv/detail/kill__traits.hpp
[305.718s] -- Installing: /home/cclehui/go_workspace/src/github.com/cclehui/study_ros/tutorials/install/turtlesim/include/turtlesim/srv/detail/spawn__builder.hpp
[305.718s] -- Installing: /home/cclehui/go_workspace/src/github.com/cclehui/study_ros/tutorials/install/turtlesim/include/turtlesim/srv/detail/set_pen__builder.hpp
[305.718s] -- Installing: /home/cclehui/go_workspace/src/github.com/cclehui/study_ros/tutorials/install/turtlesim/include/turtlesim/srv/teleport_absolute.hpp
[305.718s] -- Up-to-date: /home/cclehui/go_workspace/src/github.com/cclehui/study_ros/tutorials/install/turtlesim/include/turtlesim/action
[305.718s] -- Up-to-date: /home/cclehui/go_workspace/src/github.com/cclehui/study_ros/tutorials/install/turtlesim/include/turtlesim/action/detail
[305.719s] -- Installing: /home/cclehui/go_workspace/src/github.com/cclehui/study_ros/tutorials/install/turtlesim/include/turtlesim/action/detail/rotate_absolute__builder.hpp
[305.719s] -- Installing: /home/cclehui/go_workspace/src/github.com/cclehui/study_ros/tutorials/install/turtlesim/include/turtlesim/action/detail/rotate_absolute__struct.hpp
[305.719s] -- Installing: /home/cclehui/go_workspace/src/github.com/cclehui/study_ros/tutorials/install/turtlesim/include/turtlesim/action/detail/rotate_absolute__traits.hpp
[305.719s] -- Installing: /home/cclehui/go_workspace/src/github.com/cclehui/study_ros/tutorials/install/turtlesim/include/turtlesim/action/rotate_absolute.hpp
[305.719s] -- Up-to-date: /home/cclehui/go_workspace/src/github.com/cclehui/study_ros/tutorials/install/turtlesim/include/turtlesim
[305.719s] -- Up-to-date: /home/cclehui/go_workspace/src/github.com/cclehui/study_ros/tutorials/install/turtlesim/include/turtlesim/msg
[305.719s] -- Up-to-date: /home/cclehui/go_workspace/src/github.com/cclehui/study_ros/tutorials/install/turtlesim/include/turtlesim/msg/detail
[305.719s] -- Installing: /home/cclehui/go_workspace/src/github.com/cclehui/study_ros/tutorials/install/turtlesim/include/turtlesim/msg/detail/color__type_support.cpp
[305.719s] -- Installing: /home/cclehui/go_workspace/src/github.com/cclehui/study_ros/tutorials/install/turtlesim/include/turtlesim/msg/detail/pose__rosidl_typesupport_introspection_cpp.hpp
[305.719s] -- Installing: /home/cclehui/go_workspace/src/github.com/cclehui/study_ros/tutorials/install/turtlesim/include/turtlesim/msg/detail/color__rosidl_typesupport_introspection_cpp.hpp
[305.720s] -- Installing: /home/cclehui/go_workspace/src/github.com/cclehui/study_ros/tutorials/install/turtlesim/include/turtlesim/msg/detail/pose__type_support.cpp
[305.720s] -- Up-to-date: /home/cclehui/go_workspace/src/github.com/cclehui/study_ros/tutorials/install/turtlesim/include/turtlesim/srv
[305.720s] -- Up-to-date: /home/cclehui/go_workspace/src/github.com/cclehui/study_ros/tutorials/install/turtlesim/include/turtlesim/srv/detail
[305.721s] -- Installing: /home/cclehui/go_workspace/src/github.com/cclehui/study_ros/tutorials/install/turtlesim/include/turtlesim/srv/detail/spawn__type_support.cpp
[305.722s] -- Installing: /home/cclehui/go_workspace/src/github.com/cclehui/study_ros/tutorials/install/turtlesim/include/turtlesim/srv/detail/teleport_relative__rosidl_typesupport_introspection_cpp.hpp
[305.724s] -- Installing: /home/cclehui/go_workspace/src/github.com/cclehui/study_ros/tutorials/install/turtlesim/include/turtlesim/srv/detail/kill__type_support.cpp
[305.724s] -- Installing: /home/cclehui/go_workspace/src/github.com/cclehui/study_ros/tutorials/install/turtlesim/include/turtlesim/srv/detail/teleport_relative__type_support.cpp
[305.724s] -- Installing: /home/cclehui/go_workspace/src/github.com/cclehui/study_ros/tutorials/install/turtlesim/include/turtlesim/srv/detail/teleport_absolute__type_support.cpp
[305.725s] -- Installing: /home/cclehui/go_workspace/src/github.com/cclehui/study_ros/tutorials/install/turtlesim/include/turtlesim/srv/detail/teleport_absolute__rosidl_typesupport_introspection_cpp.hpp
[305.725s] -- Installing: /home/cclehui/go_workspace/src/github.com/cclehui/study_ros/tutorials/install/turtlesim/include/turtlesim/srv/detail/kill__rosidl_typesupport_introspection_cpp.hpp
[305.725s] -- Installing: /home/cclehui/go_workspace/src/github.com/cclehui/study_ros/tutorials/install/turtlesim/include/turtlesim/srv/detail/spawn__rosidl_typesupport_introspection_cpp.hpp
[305.726s] -- Installing: /home/cclehui/go_workspace/src/github.com/cclehui/study_ros/tutorials/install/turtlesim/include/turtlesim/srv/detail/set_pen__rosidl_typesupport_introspection_cpp.hpp
[305.726s] -- Installing: /home/cclehui/go_workspace/src/github.com/cclehui/study_ros/tutorials/install/turtlesim/include/turtlesim/srv/detail/set_pen__type_support.cpp
[305.726s] -- Up-to-date: /home/cclehui/go_workspace/src/github.com/cclehui/study_ros/tutorials/install/turtlesim/include/turtlesim/action
[305.726s] -- Up-to-date: /home/cclehui/go_workspace/src/github.com/cclehui/study_ros/tutorials/install/turtlesim/include/turtlesim/action/detail
[305.727s] -- Installing: /home/cclehui/go_workspace/src/github.com/cclehui/study_ros/tutorials/install/turtlesim/include/turtlesim/action/detail/rotate_absolute__rosidl_typesupport_introspection_cpp.hpp
[305.727s] -- Installing: /home/cclehui/go_workspace/src/github.com/cclehui/study_ros/tutorials/install/turtlesim/include/turtlesim/action/detail/rotate_absolute__type_support.cpp
[305.728s] -- Installing: /home/cclehui/go_workspace/src/github.com/cclehui/study_ros/tutorials/install/turtlesim/lib/libturtlesim__rosidl_typesupport_introspection_cpp.so
[305.729s] -- Set runtime path of "/home/cclehui/go_workspace/src/github.com/cclehui/study_ros/tutorials/install/turtlesim/lib/libturtlesim__rosidl_typesupport_introspection_cpp.so" to ""
[305.729s] -- Installing: /home/cclehui/go_workspace/src/github.com/cclehui/study_ros/tutorials/install/turtlesim/lib/libturtlesim__rosidl_typesupport_cpp.so
[305.729s] -- Set runtime path of "/home/cclehui/go_workspace/src/github.com/cclehui/study_ros/tutorials/install/turtlesim/lib/libturtlesim__rosidl_typesupport_cpp.so" to ""
[305.730s] -- Installing: /home/cclehui/go_workspace/src/github.com/cclehui/study_ros/tutorials/install/turtlesim/share/turtlesim/environment/pythonpath.sh
[305.730s] -- Installing: /home/cclehui/go_workspace/src/github.com/cclehui/study_ros/tutorials/install/turtlesim/share/turtlesim/environment/pythonpath.dsv
[305.730s] -- Installing: /home/cclehui/go_workspace/src/github.com/cclehui/study_ros/tutorials/install/turtlesim/lib/python3.8/site-packages/turtlesim/__init__.py
[305.825s] Compiling '/home/cclehui/go_workspace/src/github.com/cclehui/study_ros/tutorials/install/turtlesim/lib/python3.8/site-packages/turtlesim/__init__.py'...
[305.830s] -- Installing: /home/cclehui/go_workspace/src/github.com/cclehui/study_ros/tutorials/install/turtlesim/lib/python3.8/site-packages/turtlesim/action
[305.830s] -- Installing: /home/cclehui/go_workspace/src/github.com/cclehui/study_ros/tutorials/install/turtlesim/lib/python3.8/site-packages/turtlesim/action/_rotate_absolute_s.c
[305.830s] -- Installing: /home/cclehui/go_workspace/src/github.com/cclehui/study_ros/tutorials/install/turtlesim/lib/python3.8/site-packages/turtlesim/action/__init__.py
[305.830s] -- Installing: /home/cclehui/go_workspace/src/github.com/cclehui/study_ros/tutorials/install/turtlesim/lib/python3.8/site-packages/turtlesim/action/_rotate_absolute.py
[305.833s] -- Installing: /home/cclehui/go_workspace/src/github.com/cclehui/study_ros/tutorials/install/turtlesim/lib/python3.8/site-packages/turtlesim/msg
[305.833s] -- Installing: /home/cclehui/go_workspace/src/github.com/cclehui/study_ros/tutorials/install/turtlesim/lib/python3.8/site-packages/turtlesim/msg/_color_s.c
[305.833s] -- Installing: /home/cclehui/go_workspace/src/github.com/cclehui/study_ros/tutorials/install/turtlesim/lib/python3.8/site-packages/turtlesim/msg/_color.py
[305.834s] -- Installing: /home/cclehui/go_workspace/src/github.com/cclehui/study_ros/tutorials/install/turtlesim/lib/python3.8/site-packages/turtlesim/msg/_pose.py
[305.834s] -- Installing: /home/cclehui/go_workspace/src/github.com/cclehui/study_ros/tutorials/install/turtlesim/lib/python3.8/site-packages/turtlesim/msg/_pose_s.c
[305.834s] -- Installing: /home/cclehui/go_workspace/src/github.com/cclehui/study_ros/tutorials/install/turtlesim/lib/python3.8/site-packages/turtlesim/msg/__init__.py
[305.834s] -- Installing: /home/cclehui/go_workspace/src/github.com/cclehui/study_ros/tutorials/install/turtlesim/lib/python3.8/site-packages/turtlesim/srv
[305.834s] -- Installing: /home/cclehui/go_workspace/src/github.com/cclehui/study_ros/tutorials/install/turtlesim/lib/python3.8/site-packages/turtlesim/srv/_spawn.py
[305.835s] -- Installing: /home/cclehui/go_workspace/src/github.com/cclehui/study_ros/tutorials/install/turtlesim/lib/python3.8/site-packages/turtlesim/srv/_kill_s.c
[305.835s] -- Installing: /home/cclehui/go_workspace/src/github.com/cclehui/study_ros/tutorials/install/turtlesim/lib/python3.8/site-packages/turtlesim/srv/_set_pen.py
[305.835s] -- Installing: /home/cclehui/go_workspace/src/github.com/cclehui/study_ros/tutorials/install/turtlesim/lib/python3.8/site-packages/turtlesim/srv/_teleport_absolute_s.c
[305.835s] -- Installing: /home/cclehui/go_workspace/src/github.com/cclehui/study_ros/tutorials/install/turtlesim/lib/python3.8/site-packages/turtlesim/srv/_teleport_relative_s.c
[305.835s] -- Installing: /home/cclehui/go_workspace/src/github.com/cclehui/study_ros/tutorials/install/turtlesim/lib/python3.8/site-packages/turtlesim/srv/_spawn_s.c
[305.835s] -- Installing: /home/cclehui/go_workspace/src/github.com/cclehui/study_ros/tutorials/install/turtlesim/lib/python3.8/site-packages/turtlesim/srv/__init__.py
[305.835s] -- Installing: /home/cclehui/go_workspace/src/github.com/cclehui/study_ros/tutorials/install/turtlesim/lib/python3.8/site-packages/turtlesim/srv/_set_pen_s.c
[305.835s] -- Installing: /home/cclehui/go_workspace/src/github.com/cclehui/study_ros/tutorials/install/turtlesim/lib/python3.8/site-packages/turtlesim/srv/_teleport_absolute.py
[305.836s] -- Installing: /home/cclehui/go_workspace/src/github.com/cclehui/study_ros/tutorials/install/turtlesim/lib/python3.8/site-packages/turtlesim/srv/_teleport_relative.py
[305.836s] -- Installing: /home/cclehui/go_workspace/src/github.com/cclehui/study_ros/tutorials/install/turtlesim/lib/python3.8/site-packages/turtlesim/srv/_kill.py
[305.836s] -- Installing: /home/cclehui/go_workspace/src/github.com/cclehui/study_ros/tutorials/install/turtlesim/lib/python3.8/site-packages/turtlesim/turtlesim_s__rosidl_typesupport_fastrtps_c.cpython-38-x86_64-linux-gnu.so
[305.837s] -- Set runtime path of "/home/cclehui/go_workspace/src/github.com/cclehui/study_ros/tutorials/install/turtlesim/lib/python3.8/site-packages/turtlesim/turtlesim_s__rosidl_typesupport_fastrtps_c.cpython-38-x86_64-linux-gnu.so" to ""
[305.837s] -- Installing: /home/cclehui/go_workspace/src/github.com/cclehui/study_ros/tutorials/install/turtlesim/lib/python3.8/site-packages/turtlesim/turtlesim_s__rosidl_typesupport_introspection_c.cpython-38-x86_64-linux-gnu.so
[305.838s] -- Set runtime path of "/home/cclehui/go_workspace/src/github.com/cclehui/study_ros/tutorials/install/turtlesim/lib/python3.8/site-packages/turtlesim/turtlesim_s__rosidl_typesupport_introspection_c.cpython-38-x86_64-linux-gnu.so" to ""
[305.838s] -- Installing: /home/cclehui/go_workspace/src/github.com/cclehui/study_ros/tutorials/install/turtlesim/lib/python3.8/site-packages/turtlesim/turtlesim_s__rosidl_typesupport_c.cpython-38-x86_64-linux-gnu.so
[305.838s] -- Set runtime path of "/home/cclehui/go_workspace/src/github.com/cclehui/study_ros/tutorials/install/turtlesim/lib/python3.8/site-packages/turtlesim/turtlesim_s__rosidl_typesupport_c.cpython-38-x86_64-linux-gnu.so" to ""
[305.839s] -- Installing: /home/cclehui/go_workspace/src/github.com/cclehui/study_ros/tutorials/install/turtlesim/lib/libturtlesim__python.so
[305.839s] -- Set runtime path of "/home/cclehui/go_workspace/src/github.com/cclehui/study_ros/tutorials/install/turtlesim/lib/libturtlesim__python.so" to ""
[305.840s] -- Installing: /home/cclehui/go_workspace/src/github.com/cclehui/study_ros/tutorials/install/turtlesim/share/turtlesim/action/RotateAbsolute.idl
[305.840s] -- Installing: /home/cclehui/go_workspace/src/github.com/cclehui/study_ros/tutorials/install/turtlesim/share/turtlesim/msg/Color.idl
[305.841s] -- Installing: /home/cclehui/go_workspace/src/github.com/cclehui/study_ros/tutorials/install/turtlesim/share/turtlesim/msg/Pose.idl
[305.842s] -- Installing: /home/cclehui/go_workspace/src/github.com/cclehui/study_ros/tutorials/install/turtlesim/share/turtlesim/srv/Kill.idl
[305.842s] -- Installing: /home/cclehui/go_workspace/src/github.com/cclehui/study_ros/tutorials/install/turtlesim/share/turtlesim/srv/SetPen.idl
[305.842s] -- Installing: /home/cclehui/go_workspace/src/github.com/cclehui/study_ros/tutorials/install/turtlesim/share/turtlesim/srv/Spawn.idl
[305.843s] -- Installing: /home/cclehui/go_workspace/src/github.com/cclehui/study_ros/tutorials/install/turtlesim/share/turtlesim/srv/TeleportAbsolute.idl
[305.843s] -- Installing: /home/cclehui/go_workspace/src/github.com/cclehui/study_ros/tutorials/install/turtlesim/share/turtlesim/srv/TeleportRelative.idl
[305.844s] -- Installing: /home/cclehui/go_workspace/src/github.com/cclehui/study_ros/tutorials/install/turtlesim/share/turtlesim/action/RotateAbsolute.action
[305.844s] -- Installing: /home/cclehui/go_workspace/src/github.com/cclehui/study_ros/tutorials/install/turtlesim/share/turtlesim/msg/Color.msg
[305.844s] -- Installing: /home/cclehui/go_workspace/src/github.com/cclehui/study_ros/tutorials/install/turtlesim/share/turtlesim/msg/Pose.msg
[305.845s] -- Installing: /home/cclehui/go_workspace/src/github.com/cclehui/study_ros/tutorials/install/turtlesim/share/turtlesim/srv/Kill.srv
[305.846s] -- Installing: /home/cclehui/go_workspace/src/github.com/cclehui/study_ros/tutorials/install/turtlesim/share/turtlesim/srv/Kill_Request.msg
[305.846s] -- Installing: /home/cclehui/go_workspace/src/github.com/cclehui/study_ros/tutorials/install/turtlesim/share/turtlesim/srv/Kill_Response.msg
[305.846s] -- Installing: /home/cclehui/go_workspace/src/github.com/cclehui/study_ros/tutorials/install/turtlesim/share/turtlesim/srv/SetPen.srv
[305.847s] -- Installing: /home/cclehui/go_workspace/src/github.com/cclehui/study_ros/tutorials/install/turtlesim/share/turtlesim/srv/SetPen_Request.msg
[305.848s] -- Installing: /home/cclehui/go_workspace/src/github.com/cclehui/study_ros/tutorials/install/turtlesim/share/turtlesim/srv/SetPen_Response.msg
[305.849s] -- Installing: /home/cclehui/go_workspace/src/github.com/cclehui/study_ros/tutorials/install/turtlesim/share/turtlesim/srv/Spawn.srv
[305.849s] -- Installing: /home/cclehui/go_workspace/src/github.com/cclehui/study_ros/tutorials/install/turtlesim/share/turtlesim/srv/Spawn_Request.msg
[305.850s] -- Installing: /home/cclehui/go_workspace/src/github.com/cclehui/study_ros/tutorials/install/turtlesim/share/turtlesim/srv/Spawn_Response.msg
[305.850s] -- Installing: /home/cclehui/go_workspace/src/github.com/cclehui/study_ros/tutorials/install/turtlesim/share/turtlesim/srv/TeleportAbsolute.srv
[305.850s] -- Installing: /home/cclehui/go_workspace/src/github.com/cclehui/study_ros/tutorials/install/turtlesim/share/turtlesim/srv/TeleportAbsolute_Request.msg
[305.851s] -- Installing: /home/cclehui/go_workspace/src/github.com/cclehui/study_ros/tutorials/install/turtlesim/share/turtlesim/srv/TeleportAbsolute_Response.msg
[305.851s] -- Installing: /home/cclehui/go_workspace/src/github.com/cclehui/study_ros/tutorials/install/turtlesim/share/turtlesim/srv/TeleportRelative.srv
[305.851s] -- Installing: /home/cclehui/go_workspace/src/github.com/cclehui/study_ros/tutorials/install/turtlesim/share/turtlesim/srv/TeleportRelative_Request.msg
[305.851s] -- Installing: /home/cclehui/go_workspace/src/github.com/cclehui/study_ros/tutorials/install/turtlesim/share/turtlesim/srv/TeleportRelative_Response.msg
[305.852s] -- Installing: /home/cclehui/go_workspace/src/github.com/cclehui/study_ros/tutorials/install/turtlesim/lib/turtlesim/turtlesim_node
[305.858s] -- Set runtime path of "/home/cclehui/go_workspace/src/github.com/cclehui/study_ros/tutorials/install/turtlesim/lib/turtlesim/turtlesim_node" to ""
[305.858s] -- Installing: /home/cclehui/go_workspace/src/github.com/cclehui/study_ros/tutorials/install/turtlesim/lib/turtlesim/turtle_teleop_key
[305.860s] -- Set runtime path of "/home/cclehui/go_workspace/src/github.com/cclehui/study_ros/tutorials/install/turtlesim/lib/turtlesim/turtle_teleop_key" to ""
[305.860s] -- Installing: /home/cclehui/go_workspace/src/github.com/cclehui/study_ros/tutorials/install/turtlesim/lib/turtlesim/draw_square
[305.864s] -- Set runtime path of "/home/cclehui/go_workspace/src/github.com/cclehui/study_ros/tutorials/install/turtlesim/lib/turtlesim/draw_square" to ""
[305.864s] -- Installing: /home/cclehui/go_workspace/src/github.com/cclehui/study_ros/tutorials/install/turtlesim/lib/turtlesim/mimic
[305.865s] -- Set runtime path of "/home/cclehui/go_workspace/src/github.com/cclehui/study_ros/tutorials/install/turtlesim/lib/turtlesim/mimic" to ""
[305.865s] -- Installing: /home/cclehui/go_workspace/src/github.com/cclehui/study_ros/tutorials/install/turtlesim/share/turtlesim/images
[305.867s] -- Installing: /home/cclehui/go_workspace/src/github.com/cclehui/study_ros/tutorials/install/turtlesim/share/turtlesim/images/foxy.png
[305.867s] -- Installing: /home/cclehui/go_workspace/src/github.com/cclehui/study_ros/tutorials/install/turtlesim/share/turtlesim/images/ardent.png
[305.867s] -- Installing: /home/cclehui/go_workspace/src/github.com/cclehui/study_ros/tutorials/install/turtlesim/share/turtlesim/images/dashing.png
[305.868s] -- Installing: /home/cclehui/go_workspace/src/github.com/cclehui/study_ros/tutorials/install/turtlesim/share/turtlesim/images/bouncy.png
[305.868s] -- Installing: /home/cclehui/go_workspace/src/github.com/cclehui/study_ros/tutorials/install/turtlesim/share/turtlesim/images/crystal.png
[305.868s] -- Installing: /home/cclehui/go_workspace/src/github.com/cclehui/study_ros/tutorials/install/turtlesim/share/turtlesim/images/eloquent.png
[305.869s] -- Installing: /home/cclehui/go_workspace/src/github.com/cclehui/study_ros/tutorials/install/turtlesim/share/turtlesim/launch
[305.869s] -- Installing: /home/cclehui/go_workspace/src/github.com/cclehui/study_ros/tutorials/install/turtlesim/share/turtlesim/launch/multisim.launch.py
[305.869s] -- Installing: /home/cclehui/go_workspace/src/github.com/cclehui/study_ros/tutorials/install/turtlesim/share/ament_index/resource_index/package_run_dependencies/turtlesim
[305.870s] -- Installing: /home/cclehui/go_workspace/src/github.com/cclehui/study_ros/tutorials/install/turtlesim/share/ament_index/resource_index/parent_prefix_path/turtlesim
[305.871s] -- Installing: /home/cclehui/go_workspace/src/github.com/cclehui/study_ros/tutorials/install/turtlesim/share/turtlesim/environment/ament_prefix_path.sh
[305.871s] -- Installing: /home/cclehui/go_workspace/src/github.com/cclehui/study_ros/tutorials/install/turtlesim/share/turtlesim/environment/ament_prefix_path.dsv
[305.871s] -- Installing: /home/cclehui/go_workspace/src/github.com/cclehui/study_ros/tutorials/install/turtlesim/share/turtlesim/environment/path.sh
[305.872s] -- Installing: /home/cclehui/go_workspace/src/github.com/cclehui/study_ros/tutorials/install/turtlesim/share/turtlesim/environment/path.dsv
[305.872s] -- Installing: /home/cclehui/go_workspace/src/github.com/cclehui/study_ros/tutorials/install/turtlesim/share/turtlesim/local_setup.bash
[305.872s] -- Installing: /home/cclehui/go_workspace/src/github.com/cclehui/study_ros/tutorials/install/turtlesim/share/turtlesim/local_setup.sh
[305.873s] -- Installing: /home/cclehui/go_workspace/src/github.com/cclehui/study_ros/tutorials/install/turtlesim/share/turtlesim/local_setup.zsh
[305.873s] -- Installing: /home/cclehui/go_workspace/src/github.com/cclehui/study_ros/tutorials/install/turtlesim/share/turtlesim/local_setup.dsv
[305.874s] -- Installing: /home/cclehui/go_workspace/src/github.com/cclehui/study_ros/tutorials/install/turtlesim/share/turtlesim/package.dsv
[305.874s] -- Installing: /home/cclehui/go_workspace/src/github.com/cclehui/study_ros/tutorials/install/turtlesim/share/ament_index/resource_index/packages/turtlesim
[305.875s] -- Installing: /home/cclehui/go_workspace/src/github.com/cclehui/study_ros/tutorials/install/turtlesim/share/turtlesim/cmake/turtlesim__rosidl_generator_cExport.cmake
[305.876s] -- Installing: /home/cclehui/go_workspace/src/github.com/cclehui/study_ros/tutorials/install/turtlesim/share/turtlesim/cmake/turtlesim__rosidl_generator_cExport-noconfig.cmake
[305.876s] -- Installing: /home/cclehui/go_workspace/src/github.com/cclehui/study_ros/tutorials/install/turtlesim/share/turtlesim/cmake/turtlesim__rosidl_typesupport_introspection_cExport.cmake
[305.876s] -- Installing: /home/cclehui/go_workspace/src/github.com/cclehui/study_ros/tutorials/install/turtlesim/share/turtlesim/cmake/turtlesim__rosidl_typesupport_introspection_cExport-noconfig.cmake
[305.877s] -- Installing: /home/cclehui/go_workspace/src/github.com/cclehui/study_ros/tutorials/install/turtlesim/share/turtlesim/cmake/turtlesim__rosidl_typesupport_cExport.cmake
[305.877s] -- Installing: /home/cclehui/go_workspace/src/github.com/cclehui/study_ros/tutorials/install/turtlesim/share/turtlesim/cmake/turtlesim__rosidl_typesupport_cExport-noconfig.cmake
[305.878s] -- Installing: /home/cclehui/go_workspace/src/github.com/cclehui/study_ros/tutorials/install/turtlesim/share/turtlesim/cmake/turtlesim__rosidl_generator_cppExport.cmake
[305.878s] -- Installing: /home/cclehui/go_workspace/src/github.com/cclehui/study_ros/tutorials/install/turtlesim/share/turtlesim/cmake/turtlesim__rosidl_typesupport_introspection_cppExport.cmake
[305.879s] -- Installing: /home/cclehui/go_workspace/src/github.com/cclehui/study_ros/tutorials/install/turtlesim/share/turtlesim/cmake/turtlesim__rosidl_typesupport_introspection_cppExport-noconfig.cmake
[305.880s] -- Installing: /home/cclehui/go_workspace/src/github.com/cclehui/study_ros/tutorials/install/turtlesim/share/turtlesim/cmake/turtlesim__rosidl_typesupport_cppExport.cmake
[305.881s] -- Installing: /home/cclehui/go_workspace/src/github.com/cclehui/study_ros/tutorials/install/turtlesim/share/turtlesim/cmake/turtlesim__rosidl_typesupport_cppExport-noconfig.cmake
[305.881s] -- Installing: /home/cclehui/go_workspace/src/github.com/cclehui/study_ros/tutorials/install/turtlesim/share/turtlesim/cmake/rosidl_cmake-extras.cmake
[305.882s] -- Installing: /home/cclehui/go_workspace/src/github.com/cclehui/study_ros/tutorials/install/turtlesim/share/turtlesim/cmake/ament_cmake_export_dependencies-extras.cmake
[305.882s] -- Installing: /home/cclehui/go_workspace/src/github.com/cclehui/study_ros/tutorials/install/turtlesim/share/turtlesim/cmake/ament_cmake_export_libraries-extras.cmake
[305.883s] -- Installing: /home/cclehui/go_workspace/src/github.com/cclehui/study_ros/tutorials/install/turtlesim/share/turtlesim/cmake/ament_cmake_export_targets-extras.cmake
[305.883s] -- Installing: /home/cclehui/go_workspace/src/github.com/cclehui/study_ros/tutorials/install/turtlesim/share/turtlesim/cmake/ament_cmake_export_include_directories-extras.cmake
[305.884s] -- Installing: /home/cclehui/go_workspace/src/github.com/cclehui/study_ros/tutorials/install/turtlesim/share/turtlesim/cmake/rosidl_cmake_export_typesupport_libraries-extras.cmake
[305.884s] -- Installing: /home/cclehui/go_workspace/src/github.com/cclehui/study_ros/tutorials/install/turtlesim/share/turtlesim/cmake/rosidl_cmake_export_typesupport_targets-extras.cmake
[305.885s] -- Installing: /home/cclehui/go_workspace/src/github.com/cclehui/study_ros/tutorials/install/turtlesim/share/turtlesim/cmake/turtlesimConfig.cmake
[305.885s] -- Installing: /home/cclehui/go_workspace/src/github.com/cclehui/study_ros/tutorials/install/turtlesim/share/turtlesim/cmake/turtlesimConfig-version.cmake
[305.885s] -- Installing: /home/cclehui/go_workspace/src/github.com/cclehui/study_ros/tutorials/install/turtlesim/share/turtlesim/package.xml
[305.890s] Invoked command in '/home/cclehui/go_workspace/src/github.com/cclehui/study_ros/tutorials/build/turtlesim' returned '0': CMAKE_PREFIX_PATH=/opt/ros/foxy /usr/bin/cmake --install /home/cclehui/go_workspace/src/github.com/cclehui/study_ros/tutorials/build/turtlesim
