[0.408s] DEBUG:colcon:Command line arguments: ['/usr/bin/colcon', 'build']
[0.408s] DEBUG:colcon:Parsed command line arguments: Namespace(ament_cmake_args=None, base_paths=['.'], build_base='build', catkin_cmake_args=None, catkin_skip_building_tests=False, cmake_args=None, cmake_clean_cache=False, cmake_clean_first=False, cmake_force_configure=False, cmake_target=None, cmake_target_skip_unavailable=False, continue_on_error=False, event_handlers=None, executor='parallel', ignore_user_meta=False, install_base='install', log_base=None, log_level=None, main=<bound method BuildVerb.main of <colcon_core.verb.build.BuildVerb object at 0x7f964f72bd90>>, merge_install=False, metas=['./colcon.meta'], packages_above=None, packages_above_and_dependencies=None, packages_above_depth=None, packages_end=None, packages_ignore=None, packages_ignore_regex=None, packages_select=None, packages_select_build_failed=False, packages_select_by_dep=None, packages_select_regex=None, packages_select_test_failures=False, packages_skip=None, packages_skip_build_finished=False, packages_skip_by_dep=None, packages_skip_regex=None, packages_skip_test_passed=False, packages_skip_up_to=None, packages_start=None, packages_up_to=None, packages_up_to_regex=None, parallel_workers=4, paths=None, symlink_install=False, test_result_base=None, verb_extension=<colcon_core.verb.build.BuildVerb object at 0x7f964f72bd90>, verb_name='build', verb_parser=<colcon_defaults.argument_parser.defaults.DefaultArgumentsDecorator object at 0x7f964f64adf0>)
[0.417s] Level 1:colcon.colcon_core.package_discovery:discover_packages(colcon_meta) check parameters
[0.418s] Level 1:colcon.colcon_core.package_discovery:discover_packages(recursive) check parameters
[0.418s] Level 1:colcon.colcon_core.package_discovery:discover_packages(ignore) check parameters
[0.418s] Level 1:colcon.colcon_core.package_discovery:discover_packages(path) check parameters
[0.418s] Level 1:colcon.colcon_core.package_discovery:discover_packages(colcon_meta) discover
[0.418s] Level 1:colcon.colcon_core.package_discovery:discover_packages(recursive) discover
[0.418s] INFO:colcon.colcon_core.package_discovery:Crawling recursively for packages in '/home/cclehui/go_workspace/src/github.com/cclehui/study_ros/tutorials'
[0.418s] Level 1:colcon.colcon_core.package_identification:_identify(.) by extensions ['ignore', 'ignore_ament_install']
[0.418s] Level 1:colcon.colcon_core.package_identification:_identify(.) by extension 'ignore'
[0.418s] Level 1:colcon.colcon_core.package_identification:_identify(.) by extension 'ignore_ament_install'
[0.418s] Level 1:colcon.colcon_core.package_identification:_identify(.) by extensions ['colcon_pkg']
[0.418s] Level 1:colcon.colcon_core.package_identification:_identify(.) by extension 'colcon_pkg'
[0.418s] Level 1:colcon.colcon_core.package_identification:_identify(.) by extensions ['colcon_meta']
[0.418s] Level 1:colcon.colcon_core.package_identification:_identify(.) by extension 'colcon_meta'
[0.418s] Level 1:colcon.colcon_core.package_identification:_identify(.) by extensions ['ros']
[0.418s] Level 1:colcon.colcon_core.package_identification:_identify(.) by extension 'ros'
[0.429s] Level 1:colcon.colcon_core.package_identification:_identify(.) by extensions ['cmake', 'python']
[0.429s] Level 1:colcon.colcon_core.package_identification:_identify(.) by extension 'cmake'
[0.429s] Level 1:colcon.colcon_core.package_identification:_identify(.) by extension 'python'
[0.429s] Level 1:colcon.colcon_core.package_identification:_identify(.) by extensions ['python_setup_py']
[0.429s] Level 1:colcon.colcon_core.package_identification:_identify(.) by extension 'python_setup_py'
[0.429s] Level 1:colcon.colcon_core.package_identification:_identify(build) by extensions ['ignore', 'ignore_ament_install']
[0.429s] Level 1:colcon.colcon_core.package_identification:_identify(build) by extension 'ignore'
[0.430s] Level 1:colcon.colcon_core.package_identification:_identify(build) ignored
[0.430s] Level 1:colcon.colcon_core.package_identification:_identify(install) by extensions ['ignore', 'ignore_ament_install']
[0.430s] Level 1:colcon.colcon_core.package_identification:_identify(install) by extension 'ignore'
[0.430s] Level 1:colcon.colcon_core.package_identification:_identify(install) ignored
[0.430s] Level 1:colcon.colcon_core.package_identification:_identify(log) by extensions ['ignore', 'ignore_ament_install']
[0.430s] Level 1:colcon.colcon_core.package_identification:_identify(log) by extension 'ignore'
[0.430s] Level 1:colcon.colcon_core.package_identification:_identify(log) ignored
[0.430s] Level 1:colcon.colcon_core.package_identification:_identify(src) by extensions ['ignore', 'ignore_ament_install']
[0.430s] Level 1:colcon.colcon_core.package_identification:_identify(src) by extension 'ignore'
[0.430s] Level 1:colcon.colcon_core.package_identification:_identify(src) by extension 'ignore_ament_install'
[0.430s] Level 1:colcon.colcon_core.package_identification:_identify(src) by extensions ['colcon_pkg']
[0.431s] Level 1:colcon.colcon_core.package_identification:_identify(src) by extension 'colcon_pkg'
[0.431s] Level 1:colcon.colcon_core.package_identification:_identify(src) by extensions ['colcon_meta']
[0.431s] Level 1:colcon.colcon_core.package_identification:_identify(src) by extension 'colcon_meta'
[0.431s] Level 1:colcon.colcon_core.package_identification:_identify(src) by extensions ['ros']
[0.431s] Level 1:colcon.colcon_core.package_identification:_identify(src) by extension 'ros'
[0.431s] Level 1:colcon.colcon_core.package_identification:_identify(src) by extensions ['cmake', 'python']
[0.431s] Level 1:colcon.colcon_core.package_identification:_identify(src) by extension 'cmake'
[0.431s] Level 1:colcon.colcon_core.package_identification:_identify(src) by extension 'python'
[0.431s] Level 1:colcon.colcon_core.package_identification:_identify(src) by extensions ['python_setup_py']
[0.431s] Level 1:colcon.colcon_core.package_identification:_identify(src) by extension 'python_setup_py'
[0.431s] Level 1:colcon.colcon_core.package_identification:_identify(src/ros_tutorials) by extensions ['ignore', 'ignore_ament_install']
[0.431s] Level 1:colcon.colcon_core.package_identification:_identify(src/ros_tutorials) by extension 'ignore'
[0.431s] Level 1:colcon.colcon_core.package_identification:_identify(src/ros_tutorials) ignored
[0.431s] Level 1:colcon.colcon_core.package_identification:_identify(src/roscpp_tutorials) by extensions ['ignore', 'ignore_ament_install']
[0.431s] Level 1:colcon.colcon_core.package_identification:_identify(src/roscpp_tutorials) by extension 'ignore'
[0.431s] Level 1:colcon.colcon_core.package_identification:_identify(src/roscpp_tutorials) ignored
[0.431s] Level 1:colcon.colcon_core.package_identification:_identify(src/rospy_tutorials) by extensions ['ignore', 'ignore_ament_install']
[0.432s] Level 1:colcon.colcon_core.package_identification:_identify(src/rospy_tutorials) by extension 'ignore'
[0.432s] Level 1:colcon.colcon_core.package_identification:_identify(src/rospy_tutorials) ignored
[0.432s] Level 1:colcon.colcon_core.package_identification:_identify(src/turtlesim) by extensions ['ignore', 'ignore_ament_install']
[0.432s] Level 1:colcon.colcon_core.package_identification:_identify(src/turtlesim) by extension 'ignore'
[0.432s] Level 1:colcon.colcon_core.package_identification:_identify(src/turtlesim) by extension 'ignore_ament_install'
[0.432s] Level 1:colcon.colcon_core.package_identification:_identify(src/turtlesim) by extensions ['colcon_pkg']
[0.432s] Level 1:colcon.colcon_core.package_identification:_identify(src/turtlesim) by extension 'colcon_pkg'
[0.432s] Level 1:colcon.colcon_core.package_identification:_identify(src/turtlesim) by extensions ['colcon_meta']
[0.432s] Level 1:colcon.colcon_core.package_identification:_identify(src/turtlesim) by extension 'colcon_meta'
[0.432s] Level 1:colcon.colcon_core.package_identification:_identify(src/turtlesim) by extensions ['ros']
[0.432s] Level 1:colcon.colcon_core.package_identification:_identify(src/turtlesim) by extension 'ros'
[0.435s] DEBUG:colcon.colcon_core.package_identification:Package 'src/turtlesim' with type 'ros.ament_cmake' and name 'turtlesim'
[0.436s] Level 1:colcon.colcon_core.package_discovery:discover_packages(recursive) using defaults
[0.436s] Level 1:colcon.colcon_core.package_discovery:discover_packages(ignore) discover
[0.436s] Level 1:colcon.colcon_core.package_discovery:discover_packages(ignore) using defaults
[0.436s] Level 1:colcon.colcon_core.package_discovery:discover_packages(path) discover
[0.436s] Level 1:colcon.colcon_core.package_discovery:discover_packages(path) using defaults
[0.455s] Level 5:colcon.colcon_core.verb:set package 'turtlesim' build argument 'cmake_args' from command line to 'None'
[0.455s] Level 5:colcon.colcon_core.verb:set package 'turtlesim' build argument 'cmake_target' from command line to 'None'
[0.455s] Level 5:colcon.colcon_core.verb:set package 'turtlesim' build argument 'cmake_target_skip_unavailable' from command line to 'False'
[0.455s] Level 5:colcon.colcon_core.verb:set package 'turtlesim' build argument 'cmake_clean_cache' from command line to 'False'
[0.455s] Level 5:colcon.colcon_core.verb:set package 'turtlesim' build argument 'cmake_clean_first' from command line to 'False'
[0.455s] Level 5:colcon.colcon_core.verb:set package 'turtlesim' build argument 'cmake_force_configure' from command line to 'False'
[0.455s] Level 5:colcon.colcon_core.verb:set package 'turtlesim' build argument 'ament_cmake_args' from command line to 'None'
[0.455s] Level 5:colcon.colcon_core.verb:set package 'turtlesim' build argument 'catkin_cmake_args' from command line to 'None'
[0.455s] Level 5:colcon.colcon_core.verb:set package 'turtlesim' build argument 'catkin_skip_building_tests' from command line to 'False'
[0.455s] DEBUG:colcon.colcon_core.verb:Building package 'turtlesim' with the following arguments: {'ament_cmake_args': None, 'build_base': '/home/cclehui/go_workspace/src/github.com/cclehui/study_ros/tutorials/build/turtlesim', 'catkin_cmake_args': None, 'catkin_skip_building_tests': False, 'cmake_args': None, 'cmake_clean_cache': False, 'cmake_clean_first': False, 'cmake_force_configure': False, 'cmake_target': None, 'cmake_target_skip_unavailable': False, 'install_base': '/home/cclehui/go_workspace/src/github.com/cclehui/study_ros/tutorials/install/turtlesim', 'merge_install': False, 'path': '/home/cclehui/go_workspace/src/github.com/cclehui/study_ros/tutorials/src/turtlesim', 'symlink_install': False, 'test_result_base': None}
[0.455s] INFO:colcon.colcon_core.executor:Executing jobs using 'parallel' executor
[0.457s] DEBUG:colcon.colcon_parallel_executor.executor.parallel:run_until_complete
[0.458s] INFO:colcon.colcon_ros.task.ament_cmake.build:Building ROS package in '/home/cclehui/go_workspace/src/github.com/cclehui/study_ros/tutorials/src/turtlesim' with build type 'ament_cmake'
[0.458s] INFO:colcon.colcon_cmake.task.cmake.build:Building CMake package in '/home/cclehui/go_workspace/src/github.com/cclehui/study_ros/tutorials/src/turtlesim'
[0.466s] INFO:colcon.colcon_core.plugin_system:Skipping extension 'colcon_core.shell.bat': Not used on non-Windows systems
[0.466s] INFO:colcon.colcon_core.shell:Skip shell extension 'powershell' for command environment: Not usable outside of PowerShell
[0.466s] DEBUG:colcon.colcon_core.shell:Skip shell extension 'dsv' for command environment
[0.471s] DEBUG:colcon.colcon_core.shell:Ignoring prefix path '/opt/ros/foxy'
[0.482s] DEBUG:colcon.colcon_core.event_handler.log_command:Invoking command in '/home/cclehui/go_workspace/src/github.com/cclehui/study_ros/tutorials/build/turtlesim': CMAKE_PREFIX_PATH=/opt/ros/foxy /usr/bin/cmake /home/cclehui/go_workspace/src/github.com/cclehui/study_ros/tutorials/src/turtlesim -DCMAKE_INSTALL_PREFIX=/home/cclehui/go_workspace/src/github.com/cclehui/study_ros/tutorials/install/turtlesim
[3.575s] DEBUG:colcon.colcon_core.event_handler.log_command:Invoked command in '/home/cclehui/go_workspace/src/github.com/cclehui/study_ros/tutorials/build/turtlesim' returned '0': CMAKE_PREFIX_PATH=/opt/ros/foxy /usr/bin/cmake /home/cclehui/go_workspace/src/github.com/cclehui/study_ros/tutorials/src/turtlesim -DCMAKE_INSTALL_PREFIX=/home/cclehui/go_workspace/src/github.com/cclehui/study_ros/tutorials/install/turtlesim
[3.575s] DEBUG:colcon.colcon_core.event_handler.log_command:Invoking command in '/home/cclehui/go_workspace/src/github.com/cclehui/study_ros/tutorials/build/turtlesim': CMAKE_PREFIX_PATH=/opt/ros/foxy /usr/bin/cmake --build /home/cclehui/go_workspace/src/github.com/cclehui/study_ros/tutorials/build/turtlesim -- -j4 -l4
[305.861s] DEBUG:colcon.colcon_core.event_handler.log_command:Invoked command in '/home/cclehui/go_workspace/src/github.com/cclehui/study_ros/tutorials/build/turtlesim' returned '0': CMAKE_PREFIX_PATH=/opt/ros/foxy /usr/bin/cmake --build /home/cclehui/go_workspace/src/github.com/cclehui/study_ros/tutorials/build/turtlesim -- -j4 -l4
[306.116s] DEBUG:colcon.colcon_core.event_handler.log_command:Invoking command in '/home/cclehui/go_workspace/src/github.com/cclehui/study_ros/tutorials/build/turtlesim': CMAKE_PREFIX_PATH=/opt/ros/foxy /usr/bin/cmake --install /home/cclehui/go_workspace/src/github.com/cclehui/study_ros/tutorials/build/turtlesim
[306.348s] Level 1:colcon.colcon_core.environment:create_environment_scripts_only(turtlesim)
[306.350s] DEBUG:colcon.colcon_core.event_handler.log_command:Invoked command in '/home/cclehui/go_workspace/src/github.com/cclehui/study_ros/tutorials/build/turtlesim' returned '0': CMAKE_PREFIX_PATH=/opt/ros/foxy /usr/bin/cmake --install /home/cclehui/go_workspace/src/github.com/cclehui/study_ros/tutorials/build/turtlesim
[306.365s] Level 1:colcon.colcon_core.environment:checking '/home/cclehui/go_workspace/src/github.com/cclehui/study_ros/tutorials/install/turtlesim' for CMake module files
[306.366s] Level 1:colcon.colcon_core.environment:checking '/home/cclehui/go_workspace/src/github.com/cclehui/study_ros/tutorials/install/turtlesim' for CMake config files
[306.366s] Level 1:colcon.colcon_core.shell:create_environment_hook('turtlesim', 'cmake_prefix_path')
[306.367s] INFO:colcon.colcon_core.shell:Creating environment hook '/home/cclehui/go_workspace/src/github.com/cclehui/study_ros/tutorials/install/turtlesim/share/turtlesim/hook/cmake_prefix_path.ps1'
[306.371s] INFO:colcon.colcon_core.shell:Creating environment descriptor '/home/cclehui/go_workspace/src/github.com/cclehui/study_ros/tutorials/install/turtlesim/share/turtlesim/hook/cmake_prefix_path.dsv'
[306.372s] INFO:colcon.colcon_core.shell:Creating environment hook '/home/cclehui/go_workspace/src/github.com/cclehui/study_ros/tutorials/install/turtlesim/share/turtlesim/hook/cmake_prefix_path.sh'
[306.374s] Level 1:colcon.colcon_core.environment:checking '/home/cclehui/go_workspace/src/github.com/cclehui/study_ros/tutorials/install/turtlesim/lib'
[306.374s] Level 1:colcon.colcon_core.shell:create_environment_hook('turtlesim', 'ld_library_path_lib')
[306.375s] INFO:colcon.colcon_core.shell:Creating environment hook '/home/cclehui/go_workspace/src/github.com/cclehui/study_ros/tutorials/install/turtlesim/share/turtlesim/hook/ld_library_path_lib.ps1'
[306.375s] INFO:colcon.colcon_core.shell:Creating environment descriptor '/home/cclehui/go_workspace/src/github.com/cclehui/study_ros/tutorials/install/turtlesim/share/turtlesim/hook/ld_library_path_lib.dsv'
[306.375s] INFO:colcon.colcon_core.shell:Creating environment hook '/home/cclehui/go_workspace/src/github.com/cclehui/study_ros/tutorials/install/turtlesim/share/turtlesim/hook/ld_library_path_lib.sh'
[306.376s] Level 1:colcon.colcon_core.environment:checking '/home/cclehui/go_workspace/src/github.com/cclehui/study_ros/tutorials/install/turtlesim/bin'
[306.376s] Level 1:colcon.colcon_core.environment:checking '/home/cclehui/go_workspace/src/github.com/cclehui/study_ros/tutorials/install/turtlesim/lib/pkgconfig/turtlesim.pc'
[306.376s] Level 1:colcon.colcon_core.environment:checking '/home/cclehui/go_workspace/src/github.com/cclehui/study_ros/tutorials/install/turtlesim/lib/python3.8/site-packages'
[306.376s] Level 1:colcon.colcon_core.shell:create_environment_hook('turtlesim', 'pythonpath')
[306.376s] INFO:colcon.colcon_core.shell:Creating environment hook '/home/cclehui/go_workspace/src/github.com/cclehui/study_ros/tutorials/install/turtlesim/share/turtlesim/hook/pythonpath.ps1'
[306.377s] INFO:colcon.colcon_core.shell:Creating environment descriptor '/home/cclehui/go_workspace/src/github.com/cclehui/study_ros/tutorials/install/turtlesim/share/turtlesim/hook/pythonpath.dsv'
[306.377s] INFO:colcon.colcon_core.shell:Creating environment hook '/home/cclehui/go_workspace/src/github.com/cclehui/study_ros/tutorials/install/turtlesim/share/turtlesim/hook/pythonpath.sh'
[306.380s] INFO:colcon.colcon_core.shell:Creating package script '/home/cclehui/go_workspace/src/github.com/cclehui/study_ros/tutorials/install/turtlesim/share/turtlesim/package.ps1'
[306.381s] INFO:colcon.colcon_core.shell:Creating package descriptor '/home/cclehui/go_workspace/src/github.com/cclehui/study_ros/tutorials/install/turtlesim/share/turtlesim/package.dsv'
[306.383s] INFO:colcon.colcon_core.shell:Creating package script '/home/cclehui/go_workspace/src/github.com/cclehui/study_ros/tutorials/install/turtlesim/share/turtlesim/package.sh'
[306.385s] INFO:colcon.colcon_core.shell:Creating package script '/home/cclehui/go_workspace/src/github.com/cclehui/study_ros/tutorials/install/turtlesim/share/turtlesim/package.bash'
[306.387s] INFO:colcon.colcon_core.shell:Creating package script '/home/cclehui/go_workspace/src/github.com/cclehui/study_ros/tutorials/install/turtlesim/share/turtlesim/package.zsh'
[306.391s] Level 1:colcon.colcon_core.environment:create_file_with_runtime_dependencies(/home/cclehui/go_workspace/src/github.com/cclehui/study_ros/tutorials/install/turtlesim/share/colcon-core/packages/turtlesim)
[306.628s] Level 1:colcon.colcon_core.environment:create_environment_scripts_only(turtlesim)
[306.630s] Level 1:colcon.colcon_core.environment:checking '/home/cclehui/go_workspace/src/github.com/cclehui/study_ros/tutorials/install/turtlesim' for CMake module files
[306.631s] Level 1:colcon.colcon_core.environment:checking '/home/cclehui/go_workspace/src/github.com/cclehui/study_ros/tutorials/install/turtlesim' for CMake config files
[306.631s] Level 1:colcon.colcon_core.shell:create_environment_hook('turtlesim', 'cmake_prefix_path')
[306.632s] INFO:colcon.colcon_core.shell:Creating environment hook '/home/cclehui/go_workspace/src/github.com/cclehui/study_ros/tutorials/install/turtlesim/share/turtlesim/hook/cmake_prefix_path.ps1'
[306.633s] INFO:colcon.colcon_core.shell:Creating environment descriptor '/home/cclehui/go_workspace/src/github.com/cclehui/study_ros/tutorials/install/turtlesim/share/turtlesim/hook/cmake_prefix_path.dsv'
[306.633s] INFO:colcon.colcon_core.shell:Creating environment hook '/home/cclehui/go_workspace/src/github.com/cclehui/study_ros/tutorials/install/turtlesim/share/turtlesim/hook/cmake_prefix_path.sh'
[306.635s] Level 1:colcon.colcon_core.environment:checking '/home/cclehui/go_workspace/src/github.com/cclehui/study_ros/tutorials/install/turtlesim/lib'
[306.635s] Level 1:colcon.colcon_core.shell:create_environment_hook('turtlesim', 'ld_library_path_lib')
[306.636s] INFO:colcon.colcon_core.shell:Creating environment hook '/home/cclehui/go_workspace/src/github.com/cclehui/study_ros/tutorials/install/turtlesim/share/turtlesim/hook/ld_library_path_lib.ps1'
[306.637s] INFO:colcon.colcon_core.shell:Creating environment descriptor '/home/cclehui/go_workspace/src/github.com/cclehui/study_ros/tutorials/install/turtlesim/share/turtlesim/hook/ld_library_path_lib.dsv'
[306.637s] INFO:colcon.colcon_core.shell:Creating environment hook '/home/cclehui/go_workspace/src/github.com/cclehui/study_ros/tutorials/install/turtlesim/share/turtlesim/hook/ld_library_path_lib.sh'
[306.638s] Level 1:colcon.colcon_core.environment:checking '/home/cclehui/go_workspace/src/github.com/cclehui/study_ros/tutorials/install/turtlesim/bin'
[306.638s] Level 1:colcon.colcon_core.environment:checking '/home/cclehui/go_workspace/src/github.com/cclehui/study_ros/tutorials/install/turtlesim/lib/pkgconfig/turtlesim.pc'
[306.638s] Level 1:colcon.colcon_core.environment:checking '/home/cclehui/go_workspace/src/github.com/cclehui/study_ros/tutorials/install/turtlesim/lib/python3.8/site-packages'
[306.638s] Level 1:colcon.colcon_core.shell:create_environment_hook('turtlesim', 'pythonpath')
[306.639s] INFO:colcon.colcon_core.shell:Creating environment hook '/home/cclehui/go_workspace/src/github.com/cclehui/study_ros/tutorials/install/turtlesim/share/turtlesim/hook/pythonpath.ps1'
[306.640s] INFO:colcon.colcon_core.shell:Creating environment descriptor '/home/cclehui/go_workspace/src/github.com/cclehui/study_ros/tutorials/install/turtlesim/share/turtlesim/hook/pythonpath.dsv'
[306.641s] INFO:colcon.colcon_core.shell:Creating environment hook '/home/cclehui/go_workspace/src/github.com/cclehui/study_ros/tutorials/install/turtlesim/share/turtlesim/hook/pythonpath.sh'
[306.642s] INFO:colcon.colcon_core.shell:Creating package script '/home/cclehui/go_workspace/src/github.com/cclehui/study_ros/tutorials/install/turtlesim/share/turtlesim/package.ps1'
[306.644s] INFO:colcon.colcon_core.shell:Creating package descriptor '/home/cclehui/go_workspace/src/github.com/cclehui/study_ros/tutorials/install/turtlesim/share/turtlesim/package.dsv'
[306.645s] INFO:colcon.colcon_core.shell:Creating package script '/home/cclehui/go_workspace/src/github.com/cclehui/study_ros/tutorials/install/turtlesim/share/turtlesim/package.sh'
[306.646s] INFO:colcon.colcon_core.shell:Creating package script '/home/cclehui/go_workspace/src/github.com/cclehui/study_ros/tutorials/install/turtlesim/share/turtlesim/package.bash'
[306.647s] INFO:colcon.colcon_core.shell:Creating package script '/home/cclehui/go_workspace/src/github.com/cclehui/study_ros/tutorials/install/turtlesim/share/turtlesim/package.zsh'
[306.647s] Level 1:colcon.colcon_core.environment:create_file_with_runtime_dependencies(/home/cclehui/go_workspace/src/github.com/cclehui/study_ros/tutorials/install/turtlesim/share/colcon-core/packages/turtlesim)
[306.650s] DEBUG:colcon.colcon_parallel_executor.executor.parallel:closing loop
[306.650s] DEBUG:colcon.colcon_parallel_executor.executor.parallel:loop closed
[306.650s] DEBUG:colcon.colcon_parallel_executor.executor.parallel:run_until_complete finished with '0'
[306.650s] DEBUG:colcon.colcon_core.event_reactor:joining thread
[306.687s] INFO:colcon.colcon_core.plugin_system:Skipping extension 'colcon_notification.desktop_notification.terminal_notifier': Not used on non-Darwin systems
[306.687s] INFO:colcon.colcon_core.plugin_system:Skipping extension 'colcon_notification.desktop_notification.win32': Not used on non-Windows systems
[306.687s] INFO:colcon.colcon_notification.desktop_notification:Sending desktop notification using 'notify2'
[306.797s] DEBUG:colcon.colcon_core.event_reactor:joined thread
[306.798s] INFO:colcon.colcon_core.shell:Creating prefix script '/home/cclehui/go_workspace/src/github.com/cclehui/study_ros/tutorials/install/local_setup.ps1'
[306.800s] INFO:colcon.colcon_core.shell:Creating prefix util module '/home/cclehui/go_workspace/src/github.com/cclehui/study_ros/tutorials/install/_local_setup_util_ps1.py'
[306.803s] INFO:colcon.colcon_core.shell:Creating prefix chain script '/home/cclehui/go_workspace/src/github.com/cclehui/study_ros/tutorials/install/setup.ps1'
[306.806s] INFO:colcon.colcon_core.shell:Creating prefix script '/home/cclehui/go_workspace/src/github.com/cclehui/study_ros/tutorials/install/local_setup.sh'
[306.809s] INFO:colcon.colcon_core.shell:Creating prefix util module '/home/cclehui/go_workspace/src/github.com/cclehui/study_ros/tutorials/install/_local_setup_util_sh.py'
[306.809s] INFO:colcon.colcon_core.shell:Creating prefix chain script '/home/cclehui/go_workspace/src/github.com/cclehui/study_ros/tutorials/install/setup.sh'
[306.813s] INFO:colcon.colcon_core.shell:Creating prefix script '/home/cclehui/go_workspace/src/github.com/cclehui/study_ros/tutorials/install/local_setup.bash'
[306.814s] INFO:colcon.colcon_core.shell:Creating prefix chain script '/home/cclehui/go_workspace/src/github.com/cclehui/study_ros/tutorials/install/setup.bash'
[306.818s] INFO:colcon.colcon_core.shell:Creating prefix script '/home/cclehui/go_workspace/src/github.com/cclehui/study_ros/tutorials/install/local_setup.zsh'
[306.820s] INFO:colcon.colcon_core.shell:Creating prefix chain script '/home/cclehui/go_workspace/src/github.com/cclehui/study_ros/tutorials/install/setup.zsh'
